{"/home/jacob/repos/onix/src/routeTree.gen.ts": {"path":"/home/jacob/repos/onix/src/routeTree.gen.ts","statementMap":{"0":{"start":{"line":14,"column":19},"end":{"line":18,"column":9}},"1":{"start":{"line":17,"column":24},"end":{"line":17,"column":39}},"2":{"start":{"line":54,"column":45},"end":{"line":56,"column":null}},"3":{"start":{"line":57,"column":25},"end":{"line":59,"column":34}}},"fnMap":{"0":{"name":"(anonymous_0)","decl":{"start":{"line":17,"column":18},"end":{"line":17,"column":21}},"loc":{"start":{"line":17,"column":24},"end":{"line":17,"column":39}}}},"branchMap":{},"s":{"0":0,"1":0,"2":0,"3":0},"f":{"0":0},"b":{}}
,"/home/jacob/repos/onix/src/components/FileOperationsExample.tsx": {"path":"/home/jacob/repos/onix/src/components/FileOperationsExample.tsx","statementMap":{"0":{"start":{"line":7,"column":40},"end":{"line":7,"column":67}},"1":{"start":{"line":8,"column":36},"end":{"line":8,"column":60}},"2":{"start":{"line":9,"column":44},"end":{"line":9,"column":56}},"3":{"start":{"line":10,"column":42},"end":{"line":10,"column":54}},"4":{"start":{"line":11,"column":32},"end":{"line":11,"column":47}},"5":{"start":{"line":12,"column":28},"end":{"line":12,"column":57}},"6":{"start":{"line":14,"column":25},"end":{"line":28,"column":3}},"7":{"start":{"line":15,"column":4},"end":{"line":15,"column":33}},"8":{"start":{"line":15,"column":26},"end":{"line":15,"column":33}},"9":{"start":{"line":17,"column":4},"end":{"line":17,"column":21}},"10":{"start":{"line":18,"column":4},"end":{"line":18,"column":19}},"11":{"start":{"line":20,"column":4},"end":{"line":27,"column":5}},"12":{"start":{"line":21,"column":19},"end":{"line":21,"column":51}},"13":{"start":{"line":22,"column":6},"end":{"line":22,"column":27}},"14":{"start":{"line":24,"column":6},"end":{"line":24,"column":91}},"15":{"start":{"line":26,"column":6},"end":{"line":26,"column":24}},"16":{"start":{"line":30,"column":25},"end":{"line":46,"column":3}},"17":{"start":{"line":31,"column":4},"end":{"line":31,"column":29}},"18":{"start":{"line":31,"column":22},"end":{"line":31,"column":29}},"19":{"start":{"line":33,"column":4},"end":{"line":33,"column":21}},"20":{"start":{"line":34,"column":4},"end":{"line":34,"column":19}},"21":{"start":{"line":36,"column":4},"end":{"line":45,"column":5}},"22":{"start":{"line":37,"column":6},"end":{"line":37,"column":69}},"23":{"start":{"line":39,"column":28},"end":{"line":39,"column":68}},"24":{"start":{"line":40,"column":6},"end":{"line":40,"column":36}},"25":{"start":{"line":42,"column":6},"end":{"line":42,"column":91}},"26":{"start":{"line":44,"column":6},"end":{"line":44,"column":24}},"27":{"start":{"line":48,"column":27},"end":{"line":76,"column":3}},"28":{"start":{"line":49,"column":4},"end":{"line":49,"column":62}},"29":{"start":{"line":49,"column":55},"end":{"line":49,"column":62}},"30":{"start":{"line":51,"column":4},"end":{"line":51,"column":21}},"31":{"start":{"line":52,"column":4},"end":{"line":52,"column":19}},"32":{"start":{"line":54,"column":4},"end":{"line":75,"column":5}},"33":{"start":{"line":55,"column":23},"end":{"line":55,"column":62}},"34":{"start":{"line":56,"column":23},"end":{"line":56,"column":56}},"35":{"start":{"line":58,"column":41},"end":{"line":61,"column":8}},"36":{"start":{"line":63,"column":19},"end":{"line":63,"column":52}},"37":{"start":{"line":64,"column":6},"end":{"line":64,"column":27}},"38":{"start":{"line":65,"column":6},"end":{"line":65,"column":26}},"39":{"start":{"line":68,"column":6},"end":{"line":70,"column":7}},"40":{"start":{"line":69,"column":8},"end":{"line":69,"column":26}},"41":{"start":{"line":72,"column":6},"end":{"line":72,"column":93}},"42":{"start":{"line":74,"column":6},"end":{"line":74,"column":24}},"43":{"start":{"line":78,"column":27},"end":{"line":101,"column":3}},"44":{"start":{"line":79,"column":4},"end":{"line":79,"column":73}},"45":{"start":{"line":79,"column":66},"end":{"line":79,"column":73}},"46":{"start":{"line":81,"column":4},"end":{"line":81,"column":21}},"47":{"start":{"line":82,"column":4},"end":{"line":82,"column":19}},"48":{"start":{"line":84,"column":4},"end":{"line":100,"column":5}},"49":{"start":{"line":85,"column":6},"end":{"line":85,"column":41}},"50":{"start":{"line":88,"column":6},"end":{"line":90,"column":7}},"51":{"start":{"line":89,"column":8},"end":{"line":89,"column":29}},"52":{"start":{"line":93,"column":6},"end":{"line":95,"column":7}},"53":{"start":{"line":94,"column":8},"end":{"line":94,"column":26}},"54":{"start":{"line":97,"column":6},"end":{"line":97,"column":93}},"55":{"start":{"line":99,"column":6},"end":{"line":99,"column":24}},"56":{"start":{"line":103,"column":26},"end":{"line":117,"column":3}},"57":{"start":{"line":104,"column":4},"end":{"line":104,"column":38}},"58":{"start":{"line":104,"column":31},"end":{"line":104,"column":38}},"59":{"start":{"line":106,"column":4},"end":{"line":106,"column":21}},"60":{"start":{"line":107,"column":4},"end":{"line":107,"column":19}},"61":{"start":{"line":109,"column":4},"end":{"line":116,"column":5}},"62":{"start":{"line":110,"column":20},"end":{"line":110,"column":58}},"63":{"start":{"line":111,"column":6},"end":{"line":111,"column":26}},"64":{"start":{"line":113,"column":6},"end":{"line":113,"column":92}},"65":{"start":{"line":115,"column":6},"end":{"line":115,"column":24}},"66":{"start":{"line":119,"column":2},"end":{"line":269,"column":4}},"67":{"start":{"line":146,"column":31},"end":{"line":146,"column":63}},"68":{"start":{"line":164,"column":16},"end":{"line":165,"column":null}},"69":{"start":{"line":178,"column":37},"end":{"line":178,"column":62}},"70":{"start":{"line":184,"column":37},"end":{"line":184,"column":64}},"71":{"start":{"line":205,"column":31},"end":{"line":205,"column":62}},"72":{"start":{"line":242,"column":31},"end":{"line":242,"column":90}}},"fnMap":{"0":{"name":"FileOperationsExample","decl":{"start":{"line":6,"column":16},"end":{"line":6,"column":37}},"loc":{"start":{"line":6,"column":37},"end":{"line":270,"column":1}}},"1":{"name":"(anonymous_1)","decl":{"start":{"line":14,"column":25},"end":{"line":14,"column":30}},"loc":{"start":{"line":14,"column":52},"end":{"line":28,"column":3}}},"2":{"name":"(anonymous_2)","decl":{"start":{"line":30,"column":25},"end":{"line":30,"column":30}},"loc":{"start":{"line":30,"column":36},"end":{"line":46,"column":3}}},"3":{"name":"(anonymous_3)","decl":{"start":{"line":48,"column":27},"end":{"line":48,"column":32}},"loc":{"start":{"line":48,"column":38},"end":{"line":76,"column":3}}},"4":{"name":"(anonymous_4)","decl":{"start":{"line":78,"column":27},"end":{"line":78,"column":32}},"loc":{"start":{"line":78,"column":54},"end":{"line":101,"column":3}}},"5":{"name":"(anonymous_5)","decl":{"start":{"line":103,"column":26},"end":{"line":103,"column":31}},"loc":{"start":{"line":103,"column":37},"end":{"line":117,"column":3}}},"6":{"name":"(anonymous_6)","decl":{"start":{"line":146,"column":26},"end":{"line":146,"column":27}},"loc":{"start":{"line":146,"column":31},"end":{"line":146,"column":63}}},"7":{"name":"(anonymous_7)","decl":{"start":{"line":163,"column":29},"end":{"line":163,"column":33}},"loc":{"start":{"line":164,"column":16},"end":{"line":165,"column":null}}},"8":{"name":"(anonymous_8)","decl":{"start":{"line":178,"column":31},"end":{"line":178,"column":34}},"loc":{"start":{"line":178,"column":37},"end":{"line":178,"column":62}}},"9":{"name":"(anonymous_9)","decl":{"start":{"line":184,"column":31},"end":{"line":184,"column":34}},"loc":{"start":{"line":184,"column":37},"end":{"line":184,"column":64}}},"10":{"name":"(anonymous_10)","decl":{"start":{"line":205,"column":26},"end":{"line":205,"column":27}},"loc":{"start":{"line":205,"column":31},"end":{"line":205,"column":62}}},"11":{"name":"(anonymous_11)","decl":{"start":{"line":242,"column":26},"end":{"line":242,"column":27}},"loc":{"start":{"line":242,"column":31},"end":{"line":242,"column":90}}}},"branchMap":{"0":{"loc":{"start":{"line":15,"column":4},"end":{"line":15,"column":33}},"type":"if","locations":[{"start":{"line":15,"column":4},"end":{"line":15,"column":33}},{"start":{},"end":{}}]},"1":{"loc":{"start":{"line":24,"column":39},"end":{"line":24,"column":87}},"type":"cond-expr","locations":[{"start":{"line":24,"column":62},"end":{"line":24,"column":73}},{"start":{"line":24,"column":76},"end":{"line":24,"column":87}}]},"2":{"loc":{"start":{"line":31,"column":4},"end":{"line":31,"column":29}},"type":"if","locations":[{"start":{"line":31,"column":4},"end":{"line":31,"column":29}},{"start":{},"end":{}}]},"3":{"loc":{"start":{"line":42,"column":39},"end":{"line":42,"column":87}},"type":"cond-expr","locations":[{"start":{"line":42,"column":62},"end":{"line":42,"column":73}},{"start":{"line":42,"column":76},"end":{"line":42,"column":87}}]},"4":{"loc":{"start":{"line":49,"column":4},"end":{"line":49,"column":62}},"type":"if","locations":[{"start":{"line":49,"column":4},"end":{"line":49,"column":62}},{"start":{},"end":{}}]},"5":{"loc":{"start":{"line":49,"column":8},"end":{"line":49,"column":53}},"type":"binary-expr","locations":[{"start":{"line":49,"column":8},"end":{"line":49,"column":28}},{"start":{"line":49,"column":32},"end":{"line":49,"column":53}}]},"6":{"loc":{"start":{"line":68,"column":6},"end":{"line":70,"column":7}},"type":"if","locations":[{"start":{"line":68,"column":6},"end":{"line":70,"column":7}},{"start":{},"end":{}}]},"7":{"loc":{"start":{"line":72,"column":41},"end":{"line":72,"column":89}},"type":"cond-expr","locations":[{"start":{"line":72,"column":64},"end":{"line":72,"column":75}},{"start":{"line":72,"column":78},"end":{"line":72,"column":89}}]},"8":{"loc":{"start":{"line":79,"column":4},"end":{"line":79,"column":73}},"type":"if","locations":[{"start":{"line":79,"column":4},"end":{"line":79,"column":73}},{"start":{},"end":{}}]},"9":{"loc":{"start":{"line":88,"column":6},"end":{"line":90,"column":7}},"type":"if","locations":[{"start":{"line":88,"column":6},"end":{"line":90,"column":7}},{"start":{},"end":{}}]},"10":{"loc":{"start":{"line":93,"column":6},"end":{"line":95,"column":7}},"type":"if","locations":[{"start":{"line":93,"column":6},"end":{"line":95,"column":7}},{"start":{},"end":{}}]},"11":{"loc":{"start":{"line":97,"column":41},"end":{"line":97,"column":89}},"type":"cond-expr","locations":[{"start":{"line":97,"column":64},"end":{"line":97,"column":75}},{"start":{"line":97,"column":78},"end":{"line":97,"column":89}}]},"12":{"loc":{"start":{"line":104,"column":4},"end":{"line":104,"column":38}},"type":"if","locations":[{"start":{"line":104,"column":4},"end":{"line":104,"column":38}},{"start":{},"end":{}}]},"13":{"loc":{"start":{"line":113,"column":40},"end":{"line":113,"column":88}},"type":"cond-expr","locations":[{"start":{"line":113,"column":63},"end":{"line":113,"column":74}},{"start":{"line":113,"column":77},"end":{"line":113,"column":88}}]},"14":{"loc":{"start":{"line":123,"column":7},"end":{"line":126,"column":null}},"type":"binary-expr","locations":[{"start":{"line":123,"column":7},"end":{"line":123,"column":12}},{"start":{"line":124,"column":8},"end":{"line":125,"column":null}}]},"15":{"loc":{"start":{"line":129,"column":7},"end":{"line":132,"column":null}},"type":"binary-expr","locations":[{"start":{"line":129,"column":7},"end":{"line":129,"column":14}},{"start":{"line":130,"column":8},"end":{"line":130,"column":null}}]},"16":{"loc":{"start":{"line":152,"column":26},"end":{"line":152,"column":58}},"type":"binary-expr","locations":[{"start":{"line":152,"column":26},"end":{"line":152,"column":33}},{"start":{"line":152,"column":37},"end":{"line":152,"column":58}}]},"17":{"loc":{"start":{"line":192,"column":15},"end":{"line":193,"column":null}},"type":"binary-expr","locations":[{"start":{"line":192,"column":15},"end":{"line":192,"column":37}},{"start":{"line":192,"column":41},"end":{"line":192,"column":54}},{"start":{"line":193,"column":16},"end":{"line":193,"column":92}}]},"18":{"loc":{"start":{"line":211,"column":26},"end":{"line":211,"column":82}},"type":"binary-expr","locations":[{"start":{"line":211,"column":26},"end":{"line":211,"column":33}},{"start":{"line":211,"column":37},"end":{"line":211,"column":57}},{"start":{"line":211,"column":61},"end":{"line":211,"column":82}}]},"19":{"loc":{"start":{"line":224,"column":11},"end":{"line":264,"column":null}},"type":"cond-expr","locations":[{"start":{"line":225,"column":12},"end":{"line":256,"column":null}},{"start":{"line":259,"column":12},"end":{"line":263,"column":null}}]},"20":{"loc":{"start":{"line":250,"column":17},"end":{"line":251,"column":null}},"type":"binary-expr","locations":[{"start":{"line":250,"column":17},"end":{"line":250,"column":40}},{"start":{"line":251,"column":18},"end":{"line":251,"column":91}}]},"21":{"loc":{"start":{"line":253,"column":17},"end":{"line":254,"column":null}},"type":"binary-expr","locations":[{"start":{"line":253,"column":17},"end":{"line":253,"column":39}},{"start":{"line":254,"column":18},"end":{"line":254,"column":89}}]}},"s":{"0":0,"1":0,"2":0,"3":0,"4":0,"5":0,"6":0,"7":0,"8":0,"9":0,"10":0,"11":0,"12":0,"13":0,"14":0,"15":0,"16":0,"17":0,"18":0,"19":0,"20":0,"21":0,"22":0,"23":0,"24":0,"25":0,"26":0,"27":0,"28":0,"29":0,"30":0,"31":0,"32":0,"33":0,"34":0,"35":0,"36":0,"37":0,"38":0,"39":0,"40":0,"41":0,"42":0,"43":0,"44":0,"45":0,"46":0,"47":0,"48":0,"49":0,"50":0,"51":0,"52":0,"53":0,"54":0,"55":0,"56":0,"57":0,"58":0,"59":0,"60":0,"61":0,"62":0,"63":0,"64":0,"65":0,"66":0,"67":0,"68":0,"69":0,"70":0,"71":0,"72":0},"f":{"0":0,"1":0,"2":0,"3":0,"4":0,"5":0,"6":0,"7":0,"8":0,"9":0,"10":0,"11":0},"b":{"0":[0,0],"1":[0,0],"2":[0,0],"3":[0,0],"4":[0,0],"5":[0,0],"6":[0,0],"7":[0,0],"8":[0,0],"9":[0,0],"10":[0,0],"11":[0,0],"12":[0,0],"13":[0,0],"14":[0,0],"15":[0,0],"16":[0,0],"17":[0,0,0],"18":[0,0,0],"19":[0,0],"20":[0,0],"21":[0,0]}}
,"/home/jacob/repos/onix/src/components/layout/app-shell.tsx": {"path":"/home/jacob/repos/onix/src/components/layout/app-shell.tsx","statementMap":{"0":{"start":{"line":13,"column":2},"end":{"line":13,"column":25}},"1":{"start":{"line":22,"column":6},"end":{"line":22,"column":22}},"2":{"start":{"line":24,"column":27},"end":{"line":24,"column":55}},"3":{"start":{"line":25,"column":30},"end":{"line":25,"column":58}},"4":{"start":{"line":26,"column":31},"end":{"line":26,"column":59}},"5":{"start":{"line":29,"column":2},"end":{"line":61,"column":24}},"6":{"start":{"line":30,"column":32},"end":{"line":37,"column":5}},"7":{"start":{"line":31,"column":6},"end":{"line":31,"column":25}},"8":{"start":{"line":32,"column":19},"end":{"line":32,"column":80}},"9":{"start":{"line":33,"column":6},"end":{"line":36,"column":7}},"10":{"start":{"line":34,"column":25},"end":{"line":34,"column":46}},"11":{"start":{"line":35,"column":8},"end":{"line":35,"column":34}},"12":{"start":{"line":39,"column":26},"end":{"line":44,"column":5}},"13":{"start":{"line":40,"column":6},"end":{"line":40,"column":69}},"14":{"start":{"line":41,"column":6},"end":{"line":41,"column":61}},"15":{"start":{"line":42,"column":6},"end":{"line":42,"column":38}},"16":{"start":{"line":43,"column":6},"end":{"line":43,"column":42}},"17":{"start":{"line":46,"column":28},"end":{"line":52,"column":5}},"18":{"start":{"line":47,"column":6},"end":{"line":47,"column":25}},"19":{"start":{"line":48,"column":6},"end":{"line":48,"column":66}},"20":{"start":{"line":49,"column":6},"end":{"line":49,"column":58}},"21":{"start":{"line":50,"column":6},"end":{"line":50,"column":47}},"22":{"start":{"line":51,"column":6},"end":{"line":51,"column":46}},"23":{"start":{"line":54,"column":20},"end":{"line":54,"column":44}},"24":{"start":{"line":55,"column":4},"end":{"line":60,"column":5}},"25":{"start":{"line":56,"column":6},"end":{"line":56,"column":61}},"26":{"start":{"line":57,"column":6},"end":{"line":59,"column":8}},"27":{"start":{"line":58,"column":8},"end":{"line":58,"column":66}},"28":{"start":{"line":64,"column":2},"end":{"line":96,"column":27}},"29":{"start":{"line":65,"column":35},"end":{"line":72,"column":5}},"30":{"start":{"line":66,"column":6},"end":{"line":66,"column":25}},"31":{"start":{"line":67,"column":19},"end":{"line":67,"column":80}},"32":{"start":{"line":68,"column":6},"end":{"line":71,"column":7}},"33":{"start":{"line":69,"column":25},"end":{"line":69,"column":47}},"34":{"start":{"line":70,"column":8},"end":{"line":70,"column":37}},"35":{"start":{"line":74,"column":26},"end":{"line":79,"column":5}},"36":{"start":{"line":75,"column":6},"end":{"line":75,"column":72}},"37":{"start":{"line":76,"column":6},"end":{"line":76,"column":61}},"38":{"start":{"line":77,"column":6},"end":{"line":77,"column":38}},"39":{"start":{"line":78,"column":6},"end":{"line":78,"column":42}},"40":{"start":{"line":81,"column":28},"end":{"line":87,"column":5}},"41":{"start":{"line":82,"column":6},"end":{"line":82,"column":25}},"42":{"start":{"line":83,"column":6},"end":{"line":83,"column":69}},"43":{"start":{"line":84,"column":6},"end":{"line":84,"column":58}},"44":{"start":{"line":85,"column":6},"end":{"line":85,"column":47}},"45":{"start":{"line":86,"column":6},"end":{"line":86,"column":46}},"46":{"start":{"line":89,"column":20},"end":{"line":89,"column":47}},"47":{"start":{"line":90,"column":4},"end":{"line":95,"column":5}},"48":{"start":{"line":91,"column":6},"end":{"line":91,"column":61}},"49":{"start":{"line":92,"column":6},"end":{"line":94,"column":8}},"50":{"start":{"line":93,"column":8},"end":{"line":93,"column":66}},"51":{"start":{"line":99,"column":2},"end":{"line":131,"column":29}},"52":{"start":{"line":100,"column":36},"end":{"line":107,"column":5}},"53":{"start":{"line":101,"column":6},"end":{"line":101,"column":25}},"54":{"start":{"line":102,"column":19},"end":{"line":102,"column":80}},"55":{"start":{"line":103,"column":6},"end":{"line":106,"column":7}},"56":{"start":{"line":104,"column":26},"end":{"line":104,"column":54}},"57":{"start":{"line":105,"column":8},"end":{"line":105,"column":40}},"58":{"start":{"line":109,"column":26},"end":{"line":114,"column":5}},"59":{"start":{"line":110,"column":6},"end":{"line":110,"column":73}},"60":{"start":{"line":111,"column":6},"end":{"line":111,"column":61}},"61":{"start":{"line":112,"column":6},"end":{"line":112,"column":38}},"62":{"start":{"line":113,"column":6},"end":{"line":113,"column":42}},"63":{"start":{"line":116,"column":28},"end":{"line":122,"column":5}},"64":{"start":{"line":117,"column":6},"end":{"line":117,"column":25}},"65":{"start":{"line":118,"column":6},"end":{"line":118,"column":70}},"66":{"start":{"line":119,"column":6},"end":{"line":119,"column":58}},"67":{"start":{"line":120,"column":6},"end":{"line":120,"column":47}},"68":{"start":{"line":121,"column":6},"end":{"line":121,"column":46}},"69":{"start":{"line":124,"column":20},"end":{"line":124,"column":48}},"70":{"start":{"line":125,"column":4},"end":{"line":130,"column":5}},"71":{"start":{"line":126,"column":6},"end":{"line":126,"column":61}},"72":{"start":{"line":127,"column":6},"end":{"line":129,"column":8}},"73":{"start":{"line":128,"column":8},"end":{"line":128,"column":66}},"74":{"start":{"line":133,"column":2},"end":{"line":206,"column":4}},"75":{"start":{"line":165,"column":16},"end":{"line":165,"column":86}},"76":{"start":{"line":168,"column":16},"end":{"line":168,"column":84}}},"fnMap":{"0":{"name":"AppShell","decl":{"start":{"line":12,"column":16},"end":{"line":12,"column":24}},"loc":{"start":{"line":12,"column":63},"end":{"line":207,"column":1}}},"1":{"name":"(anonymous_1)","decl":{"start":{"line":29,"column":12},"end":{"line":29,"column":15}},"loc":{"start":{"line":29,"column":17},"end":{"line":61,"column":3}}},"2":{"name":"(anonymous_2)","decl":{"start":{"line":30,"column":32},"end":{"line":30,"column":33}},"loc":{"start":{"line":30,"column":50},"end":{"line":37,"column":5}}},"3":{"name":"(anonymous_3)","decl":{"start":{"line":39,"column":26},"end":{"line":39,"column":29}},"loc":{"start":{"line":39,"column":31},"end":{"line":44,"column":5}}},"4":{"name":"(anonymous_4)","decl":{"start":{"line":46,"column":28},"end":{"line":46,"column":29}},"loc":{"start":{"line":46,"column":46},"end":{"line":52,"column":5}}},"5":{"name":"(anonymous_5)","decl":{"start":{"line":57,"column":13},"end":{"line":57,"column":16}},"loc":{"start":{"line":57,"column":18},"end":{"line":59,"column":7}}},"6":{"name":"(anonymous_6)","decl":{"start":{"line":64,"column":12},"end":{"line":64,"column":15}},"loc":{"start":{"line":64,"column":17},"end":{"line":96,"column":3}}},"7":{"name":"(anonymous_7)","decl":{"start":{"line":65,"column":35},"end":{"line":65,"column":36}},"loc":{"start":{"line":65,"column":53},"end":{"line":72,"column":5}}},"8":{"name":"(anonymous_8)","decl":{"start":{"line":74,"column":26},"end":{"line":74,"column":29}},"loc":{"start":{"line":74,"column":31},"end":{"line":79,"column":5}}},"9":{"name":"(anonymous_9)","decl":{"start":{"line":81,"column":28},"end":{"line":81,"column":29}},"loc":{"start":{"line":81,"column":46},"end":{"line":87,"column":5}}},"10":{"name":"(anonymous_10)","decl":{"start":{"line":92,"column":13},"end":{"line":92,"column":16}},"loc":{"start":{"line":92,"column":18},"end":{"line":94,"column":7}}},"11":{"name":"(anonymous_11)","decl":{"start":{"line":99,"column":12},"end":{"line":99,"column":15}},"loc":{"start":{"line":99,"column":17},"end":{"line":131,"column":3}}},"12":{"name":"(anonymous_12)","decl":{"start":{"line":100,"column":36},"end":{"line":100,"column":37}},"loc":{"start":{"line":100,"column":54},"end":{"line":107,"column":5}}},"13":{"name":"(anonymous_13)","decl":{"start":{"line":109,"column":26},"end":{"line":109,"column":29}},"loc":{"start":{"line":109,"column":31},"end":{"line":114,"column":5}}},"14":{"name":"(anonymous_14)","decl":{"start":{"line":116,"column":28},"end":{"line":116,"column":29}},"loc":{"start":{"line":116,"column":46},"end":{"line":122,"column":5}}},"15":{"name":"(anonymous_15)","decl":{"start":{"line":127,"column":13},"end":{"line":127,"column":16}},"loc":{"start":{"line":127,"column":18},"end":{"line":129,"column":7}}},"16":{"name":"(anonymous_16)","decl":{"start":{"line":164,"column":24},"end":{"line":164,"column":25}},"loc":{"start":{"line":164,"column":44},"end":{"line":166,"column":15}}},"17":{"name":"(anonymous_17)","decl":{"start":{"line":167,"column":22},"end":{"line":167,"column":23}},"loc":{"start":{"line":167,"column":42},"end":{"line":169,"column":15}}}},"branchMap":{"0":{"loc":{"start":{"line":33,"column":6},"end":{"line":36,"column":7}},"type":"if","locations":[{"start":{"line":33,"column":6},"end":{"line":36,"column":7}},{"start":{},"end":{}}]},"1":{"loc":{"start":{"line":55,"column":4},"end":{"line":60,"column":5}},"type":"if","locations":[{"start":{"line":55,"column":4},"end":{"line":60,"column":5}},{"start":{},"end":{}}]},"2":{"loc":{"start":{"line":68,"column":6},"end":{"line":71,"column":7}},"type":"if","locations":[{"start":{"line":68,"column":6},"end":{"line":71,"column":7}},{"start":{},"end":{}}]},"3":{"loc":{"start":{"line":90,"column":4},"end":{"line":95,"column":5}},"type":"if","locations":[{"start":{"line":90,"column":4},"end":{"line":95,"column":5}},{"start":{},"end":{}}]},"4":{"loc":{"start":{"line":103,"column":6},"end":{"line":106,"column":7}},"type":"if","locations":[{"start":{"line":103,"column":6},"end":{"line":106,"column":7}},{"start":{},"end":{}}]},"5":{"loc":{"start":{"line":125,"column":4},"end":{"line":130,"column":5}},"type":"if","locations":[{"start":{"line":125,"column":4},"end":{"line":130,"column":5}},{"start":{},"end":{}}]},"6":{"loc":{"start":{"line":138,"column":9},"end":{"line":148,"column":null}},"type":"binary-expr","locations":[{"start":{"line":138,"column":9},"end":{"line":138,"column":23}},{"start":{"line":139,"column":10},"end":{"line":147,"column":null}}]},"7":{"loc":{"start":{"line":157,"column":22},"end":{"line":157,"column":90}},"type":"cond-expr","locations":[{"start":{"line":157,"column":43},"end":{"line":157,"column":81}},{"start":{"line":157,"column":84},"end":{"line":157,"column":90}}]},"8":{"loc":{"start":{"line":174,"column":11},"end":{"line":184,"column":null}},"type":"binary-expr","locations":[{"start":{"line":174,"column":11},"end":{"line":174,"column":29}},{"start":{"line":175,"column":12},"end":{"line":183,"column":null}}]},"9":{"loc":{"start":{"line":189,"column":9},"end":{"line":199,"column":null}},"type":"binary-expr","locations":[{"start":{"line":189,"column":9},"end":{"line":189,"column":26}},{"start":{"line":190,"column":10},"end":{"line":198,"column":null}}]}},"s":{"0":0,"1":0,"2":0,"3":0,"4":0,"5":0,"6":0,"7":0,"8":0,"9":0,"10":0,"11":0,"12":0,"13":0,"14":0,"15":0,"16":0,"17":0,"18":0,"19":0,"20":0,"21":0,"22":0,"23":0,"24":0,"25":0,"26":0,"27":0,"28":0,"29":0,"30":0,"31":0,"32":0,"33":0,"34":0,"35":0,"36":0,"37":0,"38":0,"39":0,"40":0,"41":0,"42":0,"43":0,"44":0,"45":0,"46":0,"47":0,"48":0,"49":0,"50":0,"51":0,"52":0,"53":0,"54":0,"55":0,"56":0,"57":0,"58":0,"59":0,"60":0,"61":0,"62":0,"63":0,"64":0,"65":0,"66":0,"67":0,"68":0,"69":0,"70":0,"71":0,"72":0,"73":0,"74":0,"75":0,"76":0},"f":{"0":0,"1":0,"2":0,"3":0,"4":0,"5":0,"6":0,"7":0,"8":0,"9":0,"10":0,"11":0,"12":0,"13":0,"14":0,"15":0,"16":0,"17":0},"b":{"0":[0,0],"1":[0,0],"2":[0,0],"3":[0,0],"4":[0,0],"5":[0,0],"6":[0,0],"7":[0,0],"8":[0,0],"9":[0,0]}}
,"/home/jacob/repos/onix/src/components/layout/status-bar.tsx": {"path":"/home/jacob/repos/onix/src/components/layout/status-bar.tsx","statementMap":{"0":{"start":{"line":6,"column":2},"end":{"line":18,"column":4}}},"fnMap":{"0":{"name":"StatusBar","decl":{"start":{"line":3,"column":16},"end":{"line":3,"column":25}},"loc":{"start":{"line":3,"column":25},"end":{"line":19,"column":1}}}},"branchMap":{},"s":{"0":0},"f":{"0":0},"b":{}}
,"/home/jacob/repos/onix/src/features/editor/index.ts": {"path":"/home/jacob/repos/onix/src/features/editor/index.ts","statementMap":{"0":{"start":{"line":2,"column":0},"end":{"line":2,"column":9}},"1":{"start":{"line":2,"column":9},"end":{"line":2,"column":45}},"2":{"start":{"line":3,"column":0},"end":{"line":3,"column":9}},"3":{"start":{"line":3,"column":9},"end":{"line":3,"column":61}},"4":{"start":{"line":4,"column":0},"end":{"line":4,"column":9}},"5":{"start":{"line":4,"column":9},"end":{"line":4,"column":23}},"6":{"start":{"line":4,"column":23},"end":{"line":4,"column":39}},"7":{"start":{"line":4,"column":39},"end":{"line":4,"column":76}},"8":{"start":{"line":5,"column":0},"end":{"line":5,"column":9}},"9":{"start":{"line":5,"column":9},"end":{"line":5,"column":45}},"10":{"start":{"line":6,"column":0},"end":{"line":6,"column":9}},"11":{"start":{"line":6,"column":9},"end":{"line":6,"column":39}},"12":{"start":{"line":7,"column":0},"end":{"line":7,"column":null}},"13":{"start":{"line":8,"column":2},"end":{"line":8,"column":null}},"14":{"start":{"line":9,"column":2},"end":{"line":9,"column":null}},"15":{"start":{"line":10,"column":2},"end":{"line":10,"column":null}},"16":{"start":{"line":11,"column":2},"end":{"line":11,"column":null}},"17":{"start":{"line":12,"column":2},"end":{"line":12,"column":null}},"18":{"start":{"line":13,"column":2},"end":{"line":13,"column":null}}},"fnMap":{"0":{"name":"(anonymous_0)","decl":{"start":{"line":2,"column":9},"end":{"line":2,"column":22}},"loc":{"start":{"line":2,"column":9},"end":{"line":2,"column":45}}},"1":{"name":"(anonymous_1)","decl":{"start":{"line":3,"column":9},"end":{"line":3,"column":31}},"loc":{"start":{"line":3,"column":9},"end":{"line":3,"column":61}}},"2":{"name":"(anonymous_2)","decl":{"start":{"line":4,"column":9},"end":{"line":4,"column":21}},"loc":{"start":{"line":4,"column":9},"end":{"line":4,"column":23}}},"3":{"name":"(anonymous_3)","decl":{"start":{"line":4,"column":23},"end":{"line":4,"column":37}},"loc":{"start":{"line":4,"column":23},"end":{"line":4,"column":39}}},"4":{"name":"(anonymous_4)","decl":{"start":{"line":4,"column":39},"end":{"line":4,"column":53}},"loc":{"start":{"line":4,"column":39},"end":{"line":4,"column":76}}},"5":{"name":"(anonymous_5)","decl":{"start":{"line":5,"column":9},"end":{"line":5,"column":27}},"loc":{"start":{"line":5,"column":9},"end":{"line":5,"column":45}}},"6":{"name":"(anonymous_6)","decl":{"start":{"line":6,"column":9},"end":{"line":6,"column":19}},"loc":{"start":{"line":6,"column":9},"end":{"line":6,"column":39}}},"7":{"name":"(anonymous_7)","decl":{"start":{"line":8,"column":2},"end":{"line":8,"column":16}},"loc":{"start":{"line":8,"column":2},"end":{"line":8,"column":null}}},"8":{"name":"(anonymous_8)","decl":{"start":{"line":9,"column":2},"end":{"line":9,"column":17}},"loc":{"start":{"line":9,"column":2},"end":{"line":9,"column":null}}},"9":{"name":"(anonymous_9)","decl":{"start":{"line":10,"column":2},"end":{"line":10,"column":18}},"loc":{"start":{"line":10,"column":2},"end":{"line":10,"column":null}}},"10":{"name":"(anonymous_10)","decl":{"start":{"line":11,"column":2},"end":{"line":11,"column":12}},"loc":{"start":{"line":11,"column":2},"end":{"line":11,"column":null}}},"11":{"name":"(anonymous_11)","decl":{"start":{"line":12,"column":2},"end":{"line":12,"column":14}},"loc":{"start":{"line":12,"column":2},"end":{"line":12,"column":null}}},"12":{"name":"(anonymous_12)","decl":{"start":{"line":13,"column":2},"end":{"line":13,"column":25}},"loc":{"start":{"line":13,"column":2},"end":{"line":13,"column":null}}}},"branchMap":{},"s":{"0":1,"1":1,"2":1,"3":1,"4":1,"5":1,"6":1,"7":1,"8":1,"9":1,"10":1,"11":24,"12":1,"13":1,"14":1,"15":1,"16":1,"17":1,"18":1},"f":{"0":0,"1":0,"2":0,"3":0,"4":0,"5":0,"6":23,"7":0,"8":0,"9":0,"10":0,"11":0,"12":0},"b":{}}
,"/home/jacob/repos/onix/src/features/editor/components/index.ts": {"path":"/home/jacob/repos/onix/src/features/editor/components/index.ts","statementMap":{"0":{"start":{"line":1,"column":0},"end":{"line":1,"column":9}},"1":{"start":{"line":1,"column":9},"end":{"line":1,"column":49}}},"fnMap":{"0":{"name":"(anonymous_0)","decl":{"start":{"line":1,"column":9},"end":{"line":1,"column":22}},"loc":{"start":{"line":1,"column":9},"end":{"line":1,"column":49}}}},"branchMap":{},"s":{"0":1,"1":1},"f":{"0":0},"b":{}}
,"/home/jacob/repos/onix/src/features/editor/components/minimal-editor.tsx": {"path":"/home/jacob/repos/onix/src/features/editor/components/minimal-editor.tsx","statementMap":{"0":{"start":{"line":19,"column":0},"end":{"line":19,"column":16}},"1":{"start":{"line":1,"column":0},"end":{"line":1,"column":57}},"2":{"start":{"line":3,"column":0},"end":{"line":3,"column":46}},"3":{"start":{"line":5,"column":0},"end":{"line":5,"column":62}},"4":{"start":{"line":6,"column":0},"end":{"line":6,"column":46}},"5":{"start":{"line":7,"column":0},"end":{"line":7,"column":42}},"6":{"start":{"line":24,"column":32},"end":{"line":24,"column":44}},"7":{"start":{"line":26,"column":17},"end":{"line":33,"column":4}},"8":{"start":{"line":30,"column":19},"end":{"line":30,"column":35}},"9":{"start":{"line":31,"column":6},"end":{"line":31,"column":23}},"10":{"start":{"line":35,"column":21},"end":{"line":40,"column":22}},"11":{"start":{"line":36,"column":4},"end":{"line":39,"column":5}},"12":{"start":{"line":37,"column":19},"end":{"line":37,"column":35}},"13":{"start":{"line":38,"column":6},"end":{"line":38,"column":19}},"14":{"start":{"line":43,"column":2},"end":{"line":46,"column":5}},"15":{"start":{"line":48,"column":2},"end":{"line":50,"column":3}},"16":{"start":{"line":49,"column":4},"end":{"line":49,"column":33}},"17":{"start":{"line":52,"column":2},"end":{"line":71,"column":4}}},"fnMap":{"0":{"name":"MinimalEditor","decl":{"start":{"line":19,"column":16},"end":{"line":19,"column":29}},"loc":{"start":{"line":23,"column":21},"end":{"line":72,"column":1}}},"1":{"name":"(anonymous_1)","decl":{"start":{"line":29,"column":14},"end":{"line":29,"column":15}},"loc":{"start":{"line":29,"column":29},"end":{"line":32,"column":5}}},"2":{"name":"(anonymous_2)","decl":{"start":{"line":35,"column":33},"end":{"line":35,"column":36}},"loc":{"start":{"line":35,"column":38},"end":{"line":40,"column":3}}}},"branchMap":{"0":{"loc":{"start":{"line":21,"column":2},"end":{"line":21,"column":30}},"type":"default-arg","locations":[{"start":{"line":21,"column":19},"end":{"line":21,"column":30}}]},"1":{"loc":{"start":{"line":22,"column":2},"end":{"line":22,"column":34}},"type":"default-arg","locations":[{"start":{"line":22,"column":16},"end":{"line":22,"column":34}}]},"2":{"loc":{"start":{"line":36,"column":4},"end":{"line":39,"column":5}},"type":"if","locations":[{"start":{"line":36,"column":4},"end":{"line":39,"column":5}},{"start":{},"end":{}}]},"3":{"loc":{"start":{"line":36,"column":8},"end":{"line":36,"column":24}},"type":"binary-expr","locations":[{"start":{"line":36,"column":8},"end":{"line":36,"column":14}},{"start":{"line":36,"column":18},"end":{"line":36,"column":24}}]},"4":{"loc":{"start":{"line":48,"column":2},"end":{"line":50,"column":3}},"type":"if","locations":[{"start":{"line":48,"column":2},"end":{"line":50,"column":3}},{"start":{},"end":{}}]},"5":{"loc":{"start":{"line":55,"column":34},"end":{"line":55,"column":95}},"type":"cond-expr","locations":[{"start":{"line":55,"column":44},"end":{"line":55,"column":82}},{"start":{"line":55,"column":85},"end":{"line":55,"column":95}}]},"6":{"loc":{"start":{"line":60,"column":7},"end":{"line":68,"column":null}},"type":"binary-expr","locations":[{"start":{"line":60,"column":7},"end":{"line":60,"column":13}},{"start":{"line":61,"column":8},"end":{"line":67,"column":null}}]}},"s":{"0":1,"1":1,"2":1,"3":1,"4":1,"5":1,"6":0,"7":0,"8":0,"9":0,"10":0,"11":0,"12":0,"13":0,"14":0,"15":0,"16":0,"17":0},"f":{"0":0,"1":0,"2":0},"b":{"0":[0],"1":[0],"2":[0,0],"3":[0,0],"4":[0,0],"5":[0,0],"6":[0,0]}}
,"/home/jacob/repos/onix/src/features/editor/config/extensions.ts": {"path":"/home/jacob/repos/onix/src/features/editor/config/extensions.ts","statementMap":{"0":{"start":{"line":37,"column":0},"end":{"line":37,"column":16}},"1":{"start":{"line":1,"column":0},"end":{"line":1,"column":58}},"2":{"start":{"line":2,"column":0},"end":{"line":2,"column":46}},"3":{"start":{"line":3,"column":0},"end":{"line":3,"column":59}},"4":{"start":{"line":4,"column":0},"end":{"line":4,"column":67}},"5":{"start":{"line":5,"column":0},"end":{"line":5,"column":46}},"6":{"start":{"line":6,"column":0},"end":{"line":6,"column":74}},"7":{"start":{"line":7,"column":0},"end":{"line":7,"column":54}},"8":{"start":{"line":8,"column":0},"end":{"line":8,"column":57}},"9":{"start":{"line":9,"column":0},"end":{"line":9,"column":52}},"10":{"start":{"line":10,"column":0},"end":{"line":10,"column":56}},"11":{"start":{"line":11,"column":0},"end":{"line":11,"column":52}},"12":{"start":{"line":12,"column":0},"end":{"line":12,"column":67}},"13":{"start":{"line":13,"column":0},"end":{"line":13,"column":50}},"14":{"start":{"line":14,"column":0},"end":{"line":14,"column":46}},"15":{"start":{"line":15,"column":0},"end":{"line":15,"column":55}},"16":{"start":{"line":16,"column":0},"end":{"line":16,"column":61}},"17":{"start":{"line":17,"column":0},"end":{"line":17,"column":56}},"18":{"start":{"line":18,"column":0},"end":{"line":18,"column":60}},"19":{"start":{"line":19,"column":0},"end":{"line":19,"column":50}},"20":{"start":{"line":20,"column":0},"end":{"line":20,"column":55}},"21":{"start":{"line":21,"column":0},"end":{"line":21,"column":55}},"22":{"start":{"line":22,"column":0},"end":{"line":22,"column":46}},"23":{"start":{"line":23,"column":0},"end":{"line":23,"column":50}},"24":{"start":{"line":25,"column":0},"end":{"line":25,"column":77}},"25":{"start":{"line":27,"column":17},"end":{"line":27,"column":39}},"26":{"start":{"line":40,"column":2},"end":{"line":146,"column":4}},"27":{"start":{"line":133,"column":8},"end":{"line":135,"column":9}},"28":{"start":{"line":134,"column":10},"end":{"line":134,"column":28}},"29":{"start":{"line":136,"column":8},"end":{"line":136,"column":27}}},"fnMap":{"0":{"name":"createEditorExtensions","decl":{"start":{"line":37,"column":16},"end":{"line":37,"column":38}},"loc":{"start":{"line":39,"column":30},"end":{"line":147,"column":1}}},"1":{"name":"(anonymous_1)","decl":{"start":{"line":132,"column":19},"end":{"line":132,"column":20}},"loc":{"start":{"line":132,"column":32},"end":{"line":137,"column":7}}}},"branchMap":{"0":{"loc":{"start":{"line":37,"column":39},"end":{"line":39,"column":30}},"type":"default-arg","locations":[{"start":{"line":39,"column":28},"end":{"line":39,"column":30}}]},"1":{"loc":{"start":{"line":38,"column":2},"end":{"line":38,"column":34}},"type":"default-arg","locations":[{"start":{"line":38,"column":16},"end":{"line":38,"column":34}}]},"2":{"loc":{"start":{"line":133,"column":8},"end":{"line":135,"column":9}},"type":"if","locations":[{"start":{"line":133,"column":8},"end":{"line":135,"column":9}},{"start":{},"end":{}}]},"3":{"loc":{"start":{"line":133,"column":12},"end":{"line":133,"column":66}},"type":"binary-expr","locations":[{"start":{"line":133,"column":12},"end":{"line":133,"column":40}},{"start":{"line":133,"column":44},"end":{"line":133,"column":66}}]}},"s":{"0":1,"1":1,"2":1,"3":1,"4":1,"5":1,"6":1,"7":1,"8":1,"9":1,"10":1,"11":1,"12":1,"13":1,"14":1,"15":1,"16":1,"17":1,"18":1,"19":1,"20":1,"21":1,"22":1,"23":1,"24":1,"25":1,"26":32,"27":0,"28":0,"29":0},"f":{"0":32,"1":0},"b":{"0":[0],"1":[0],"2":[0,0],"3":[0,0]}}
,"/home/jacob/repos/onix/src/features/editor/extensions/force-first-h1.ts": {"path":"/home/jacob/repos/onix/src/features/editor/extensions/force-first-h1.ts","statementMap":{"0":{"start":{"line":1,"column":0},"end":{"line":1,"column":53}},"1":{"start":{"line":2,"column":0},"end":{"line":2,"column":42}},"2":{"start":{"line":9,"column":13},"end":{"line":61,"column":3}},"3":{"start":{"line":13,"column":4},"end":{"line":59,"column":6}},"4":{"start":{"line":18,"column":10},"end":{"line":20,"column":11}},"5":{"start":{"line":18,"column":39},"end":{"line":18,"column":52}},"6":{"start":{"line":19,"column":12},"end":{"line":19,"column":24}},"7":{"start":{"line":22,"column":26},"end":{"line":22,"column":34}},"8":{"start":{"line":23,"column":28},"end":{"line":23,"column":42}},"9":{"start":{"line":27,"column":12},"end":{"line":28,"column":91}},"10":{"start":{"line":31,"column":10},"end":{"line":54,"column":11}},"11":{"start":{"line":32,"column":23},"end":{"line":32,"column":34}},"12":{"start":{"line":34,"column":12},"end":{"line":51,"column":13}},"13":{"start":{"line":36,"column":14},"end":{"line":40,"column":16}},"14":{"start":{"line":41,"column":19},"end":{"line":51,"column":13}},"15":{"start":{"line":47,"column":14},"end":{"line":47,"column":59}},"16":{"start":{"line":48,"column":19},"end":{"line":51,"column":13}},"17":{"start":{"line":50,"column":14},"end":{"line":50,"column":79}},"18":{"start":{"line":53,"column":12},"end":{"line":53,"column":22}},"19":{"start":{"line":56,"column":10},"end":{"line":56,"column":22}}},"fnMap":{"0":{"name":"(anonymous_0)","decl":{"start":{"line":12,"column":2},"end":{"line":12,"column":23}},"loc":{"start":{"line":12,"column":23},"end":{"line":60,"column":3}}},"1":{"name":"(anonymous_1)","decl":{"start":{"line":16,"column":27},"end":{"line":16,"column":28}},"loc":{"start":{"line":16,"column":54},"end":{"line":57,"column":9}}},"2":{"name":"(anonymous_2)","decl":{"start":{"line":18,"column":33},"end":{"line":18,"column":35}},"loc":{"start":{"line":18,"column":39},"end":{"line":18,"column":52}}}},"branchMap":{"0":{"loc":{"start":{"line":18,"column":10},"end":{"line":20,"column":11}},"type":"if","locations":[{"start":{"line":18,"column":10},"end":{"line":20,"column":11}},{"start":{},"end":{}}]},"1":{"loc":{"start":{"line":27,"column":12},"end":{"line":28,"column":91}},"type":"binary-expr","locations":[{"start":{"line":27,"column":12},"end":{"line":27,"column":22}},{"start":{"line":28,"column":13},"end":{"line":28,"column":33}},{"start":{"line":28,"column":37},"end":{"line":28,"column":58}},{"start":{"line":28,"column":62},"end":{"line":28,"column":90}}]},"2":{"loc":{"start":{"line":31,"column":10},"end":{"line":54,"column":11}},"type":"if","locations":[{"start":{"line":31,"column":10},"end":{"line":54,"column":11}},{"start":{},"end":{}}]},"3":{"loc":{"start":{"line":31,"column":14},"end":{"line":31,"column":91}},"type":"binary-expr","locations":[{"start":{"line":31,"column":14},"end":{"line":31,"column":21}},{"start":{"line":31,"column":25},"end":{"line":31,"column":59}},{"start":{"line":31,"column":63},"end":{"line":31,"column":91}}]},"4":{"loc":{"start":{"line":34,"column":12},"end":{"line":51,"column":13}},"type":"if","locations":[{"start":{"line":34,"column":12},"end":{"line":51,"column":13}},{"start":{"line":41,"column":19},"end":{"line":51,"column":13}}]},"5":{"loc":{"start":{"line":41,"column":19},"end":{"line":51,"column":13}},"type":"if","locations":[{"start":{"line":41,"column":19},"end":{"line":51,"column":13}},{"start":{"line":48,"column":19},"end":{"line":51,"column":13}}]},"6":{"loc":{"start":{"line":42,"column":14},"end":{"line":44,"column":41}},"type":"binary-expr","locations":[{"start":{"line":42,"column":14},"end":{"line":42,"column":23}},{"start":{"line":43,"column":14},"end":{"line":43,"column":47}},{"start":{"line":44,"column":14},"end":{"line":44,"column":41}}]},"7":{"loc":{"start":{"line":48,"column":19},"end":{"line":51,"column":13}},"type":"if","locations":[{"start":{"line":48,"column":19},"end":{"line":51,"column":13}},{"start":{},"end":{}}]},"8":{"loc":{"start":{"line":48,"column":23},"end":{"line":48,"column":69}},"type":"binary-expr","locations":[{"start":{"line":48,"column":23},"end":{"line":48,"column":32}},{"start":{"line":48,"column":36},"end":{"line":48,"column":69}}]}},"s":{"0":1,"1":1,"2":1,"3":3,"4":0,"5":0,"6":0,"7":0,"8":0,"9":0,"10":0,"11":0,"12":0,"13":0,"14":0,"15":0,"16":0,"17":0,"18":0,"19":0},"f":{"0":3,"1":0,"2":0},"b":{"0":[0,0],"1":[0,0,0,0],"2":[0,0],"3":[0,0,0],"4":[0,0],"5":[0,0],"6":[0,0,0],"7":[0,0],"8":[0,0]}}
,"/home/jacob/repos/onix/src/features/editor/extensions/index.ts": {"path":"/home/jacob/repos/onix/src/features/editor/extensions/index.ts","statementMap":{"0":{"start":{"line":1,"column":0},"end":{"line":1,"column":9}},"1":{"start":{"line":1,"column":9},"end":{"line":1,"column":48}},"2":{"start":{"line":2,"column":0},"end":{"line":2,"column":9}},"3":{"start":{"line":2,"column":9},"end":{"line":2,"column":51}},"4":{"start":{"line":3,"column":0},"end":{"line":3,"column":9}},"5":{"start":{"line":3,"column":9},"end":{"line":3,"column":52}}},"fnMap":{"0":{"name":"(anonymous_0)","decl":{"start":{"line":1,"column":9},"end":{"line":1,"column":21}},"loc":{"start":{"line":1,"column":9},"end":{"line":1,"column":48}}},"1":{"name":"(anonymous_1)","decl":{"start":{"line":2,"column":9},"end":{"line":2,"column":23}},"loc":{"start":{"line":2,"column":9},"end":{"line":2,"column":51}}},"2":{"name":"(anonymous_2)","decl":{"start":{"line":3,"column":9},"end":{"line":3,"column":23}},"loc":{"start":{"line":3,"column":9},"end":{"line":3,"column":52}}}},"branchMap":{},"s":{"0":1,"1":33,"2":1,"3":33,"4":1,"5":33},"f":{"0":32,"1":32,"2":32},"b":{}}
,"/home/jacob/repos/onix/src/features/editor/extensions/markdown-syntax.ts": {"path":"/home/jacob/repos/onix/src/features/editor/extensions/markdown-syntax.ts","statementMap":{"0":{"start":{"line":1,"column":0},"end":{"line":1,"column":53}},"1":{"start":{"line":2,"column":0},"end":{"line":2,"column":60}},"2":{"start":{"line":3,"column":0},"end":{"line":3,"column":42}},"3":{"start":{"line":10,"column":13},"end":{"line":75,"column":3}},"4":{"start":{"line":14,"column":4},"end":{"line":73,"column":6}},"5":{"start":{"line":19,"column":12},"end":{"line":19,"column":39}},"6":{"start":{"line":22,"column":28},"end":{"line":22,"column":48}},"7":{"start":{"line":23,"column":12},"end":{"line":23,"column":49}},"8":{"start":{"line":23,"column":22},"end":{"line":23,"column":49}},"9":{"start":{"line":25,"column":46},"end":{"line":25,"column":48}},"10":{"start":{"line":27,"column":12},"end":{"line":62,"column":15}},"11":{"start":{"line":28,"column":14},"end":{"line":39,"column":15}},"12":{"start":{"line":29,"column":30},"end":{"line":29,"column":46}},"13":{"start":{"line":30,"column":31},"end":{"line":30,"column":48}},"14":{"start":{"line":33,"column":16},"end":{"line":38,"column":18}},"15":{"start":{"line":41,"column":14},"end":{"line":49,"column":15}},"16":{"start":{"line":43,"column":16},"end":{"line":48,"column":18}},"17":{"start":{"line":51,"column":14},"end":{"line":59,"column":15}},"18":{"start":{"line":53,"column":16},"end":{"line":58,"column":18}},"19":{"start":{"line":61,"column":14},"end":{"line":61,"column":26}},"20":{"start":{"line":64,"column":12},"end":{"line":64,"column":58}},"21":{"start":{"line":69,"column":12},"end":{"line":69,"column":40}}},"fnMap":{"0":{"name":"(anonymous_0)","decl":{"start":{"line":13,"column":2},"end":{"line":13,"column":23}},"loc":{"start":{"line":13,"column":23},"end":{"line":74,"column":3}}},"1":{"name":"(anonymous_1)","decl":{"start":{"line":18,"column":10},"end":{"line":18,"column":14}},"loc":{"start":{"line":18,"column":14},"end":{"line":20,"column":11}}},"2":{"name":"(anonymous_2)","decl":{"start":{"line":21,"column":10},"end":{"line":21,"column":15}},"loc":{"start":{"line":21,"column":18},"end":{"line":65,"column":11}}},"3":{"name":"(anonymous_3)","decl":{"start":{"line":27,"column":28},"end":{"line":27,"column":29}},"loc":{"start":{"line":27,"column":42},"end":{"line":62,"column":13}}},"4":{"name":"(anonymous_4)","decl":{"start":{"line":68,"column":10},"end":{"line":68,"column":21}},"loc":{"start":{"line":68,"column":27},"end":{"line":70,"column":11}}}},"branchMap":{"0":{"loc":{"start":{"line":22,"column":28},"end":{"line":22,"column":48}},"type":"cond-expr","locations":[{"start":{"line":22,"column":37},"end":{"line":22,"column":39}},{"start":{"line":22,"column":42},"end":{"line":22,"column":48}}]},"1":{"loc":{"start":{"line":23,"column":12},"end":{"line":23,"column":49}},"type":"if","locations":[{"start":{"line":23,"column":12},"end":{"line":23,"column":49}},{"start":{},"end":{}}]},"2":{"loc":{"start":{"line":28,"column":14},"end":{"line":39,"column":15}},"type":"if","locations":[{"start":{"line":28,"column":14},"end":{"line":39,"column":15}},{"start":{},"end":{}}]},"3":{"loc":{"start":{"line":41,"column":14},"end":{"line":49,"column":15}},"type":"if","locations":[{"start":{"line":41,"column":14},"end":{"line":49,"column":15}},{"start":{},"end":{}}]},"4":{"loc":{"start":{"line":46,"column":45},"end":{"line":46,"column":70}},"type":"binary-expr","locations":[{"start":{"line":46,"column":45},"end":{"line":46,"column":64}},{"start":{"line":46,"column":68},"end":{"line":46,"column":70}}]},"5":{"loc":{"start":{"line":51,"column":14},"end":{"line":59,"column":15}},"type":"if","locations":[{"start":{"line":51,"column":14},"end":{"line":59,"column":15}},{"start":{},"end":{}}]}},"s":{"0":1,"1":1,"2":1,"3":1,"4":0,"5":0,"6":0,"7":0,"8":0,"9":0,"10":0,"11":0,"12":0,"13":0,"14":0,"15":0,"16":0,"17":0,"18":0,"19":0,"20":0,"21":0},"f":{"0":0,"1":0,"2":0,"3":0,"4":0},"b":{"0":[0,0],"1":[0,0],"2":[0,0],"3":[0,0],"4":[0,0],"5":[0,0]}}
,"/home/jacob/repos/onix/src/features/editor/extensions/smart-select-all.ts": {"path":"/home/jacob/repos/onix/src/features/editor/extensions/smart-select-all.ts","statementMap":{"0":{"start":{"line":1,"column":0},"end":{"line":1,"column":49}},"1":{"start":{"line":2,"column":0},"end":{"line":2,"column":42}},"2":{"start":{"line":11,"column":13},"end":{"line":47,"column":3}},"3":{"start":{"line":15,"column":4},"end":{"line":45,"column":6}},"4":{"start":{"line":17,"column":27},"end":{"line":17,"column":31}},"5":{"start":{"line":18,"column":36},"end":{"line":18,"column":47}},"6":{"start":{"line":19,"column":28},"end":{"line":19,"column":33}},"7":{"start":{"line":22,"column":26},"end":{"line":22,"column":40}},"8":{"start":{"line":23,"column":30},"end":{"line":23,"column":95}},"9":{"start":{"line":24,"column":36},"end":{"line":24,"column":88}},"10":{"start":{"line":27,"column":8},"end":{"line":38,"column":9}},"11":{"start":{"line":29,"column":27},"end":{"line":29,"column":45}},"12":{"start":{"line":30,"column":25},"end":{"line":30,"column":41}},"13":{"start":{"line":33,"column":10},"end":{"line":37,"column":11}},"14":{"start":{"line":34,"column":30},"end":{"line":34,"column":73}},"15":{"start":{"line":35,"column":12},"end":{"line":35,"column":49}},"16":{"start":{"line":36,"column":12},"end":{"line":36,"column":24}},"17":{"start":{"line":41,"column":26},"end":{"line":41,"column":72}},"18":{"start":{"line":42,"column":8},"end":{"line":42,"column":45}},"19":{"start":{"line":43,"column":8},"end":{"line":43,"column":20}}},"fnMap":{"0":{"name":"(anonymous_0)","decl":{"start":{"line":14,"column":2},"end":{"line":14,"column":22}},"loc":{"start":{"line":14,"column":22},"end":{"line":46,"column":3}}},"1":{"name":"(anonymous_1)","decl":{"start":{"line":16,"column":15},"end":{"line":16,"column":18}},"loc":{"start":{"line":16,"column":20},"end":{"line":44,"column":7}}}},"branchMap":{"0":{"loc":{"start":{"line":23,"column":30},"end":{"line":23,"column":95}},"type":"binary-expr","locations":[{"start":{"line":23,"column":30},"end":{"line":23,"column":64}},{"start":{"line":23,"column":68},"end":{"line":23,"column":95}}]},"1":{"loc":{"start":{"line":24,"column":36},"end":{"line":24,"column":88}},"type":"binary-expr","locations":[{"start":{"line":24,"column":36},"end":{"line":24,"column":45}},{"start":{"line":24,"column":49},"end":{"line":24,"column":88}}]},"2":{"loc":{"start":{"line":27,"column":8},"end":{"line":38,"column":9}},"type":"if","locations":[{"start":{"line":27,"column":8},"end":{"line":38,"column":9}},{"start":{},"end":{}}]},"3":{"loc":{"start":{"line":27,"column":12},"end":{"line":27,"column":70}},"type":"binary-expr","locations":[{"start":{"line":27,"column":12},"end":{"line":27,"column":25}},{"start":{"line":27,"column":29},"end":{"line":27,"column":48}},{"start":{"line":27,"column":52},"end":{"line":27,"column":70}}]},"4":{"loc":{"start":{"line":33,"column":10},"end":{"line":37,"column":11}},"type":"if","locations":[{"start":{"line":33,"column":10},"end":{"line":37,"column":11}},{"start":{},"end":{}}]}},"s":{"0":1,"1":1,"2":1,"3":3,"4":0,"5":0,"6":0,"7":0,"8":0,"9":0,"10":0,"11":0,"12":0,"13":0,"14":0,"15":0,"16":0,"17":0,"18":0,"19":0},"f":{"0":3,"1":0},"b":{"0":[0,0],"1":[0,0],"2":[0,0],"3":[0,0,0],"4":[0,0]}}
,"/home/jacob/repos/onix/src/features/editor/hooks/index.ts": {"path":"/home/jacob/repos/onix/src/features/editor/hooks/index.ts","statementMap":{"0":{"start":{"line":1,"column":0},"end":{"line":1,"column":9}},"1":{"start":{"line":1,"column":9},"end":{"line":1,"column":60}}},"fnMap":{"0":{"name":"(anonymous_0)","decl":{"start":{"line":1,"column":9},"end":{"line":1,"column":27}},"loc":{"start":{"line":1,"column":9},"end":{"line":1,"column":60}}}},"branchMap":{},"s":{"0":1,"1":33},"f":{"0":32},"b":{}}
,"/home/jacob/repos/onix/src/features/editor/hooks/use-editor-shortcuts.ts": {"path":"/home/jacob/repos/onix/src/features/editor/hooks/use-editor-shortcuts.ts","statementMap":{"0":{"start":{"line":14,"column":0},"end":{"line":14,"column":16}},"1":{"start":{"line":3,"column":0},"end":{"line":3,"column":47}},"2":{"start":{"line":15,"column":21},"end":{"line":19,"column":14}},"3":{"start":{"line":16,"column":4},"end":{"line":18,"column":5}},"4":{"start":{"line":17,"column":6},"end":{"line":17,"column":15}},"5":{"start":{"line":21,"column":2},"end":{"line":36,"column":27}},"6":{"start":{"line":22,"column":4},"end":{"line":22,"column":24}},"7":{"start":{"line":22,"column":17},"end":{"line":22,"column":24}},"8":{"start":{"line":24,"column":26},"end":{"line":30,"column":5}},"9":{"start":{"line":26,"column":6},"end":{"line":29,"column":7}},"10":{"start":{"line":27,"column":8},"end":{"line":27,"column":31}},"11":{"start":{"line":28,"column":8},"end":{"line":28,"column":21}},"12":{"start":{"line":32,"column":4},"end":{"line":32,"column":56}},"13":{"start":{"line":33,"column":4},"end":{"line":35,"column":6}},"14":{"start":{"line":34,"column":6},"end":{"line":34,"column":61}},"15":{"start":{"line":38,"column":2},"end":{"line":38,"column":24}}},"fnMap":{"0":{"name":"useEditorShortcuts","decl":{"start":{"line":14,"column":16},"end":{"line":14,"column":34}},"loc":{"start":{"line":14,"column":80},"end":{"line":39,"column":1}}},"1":{"name":"(anonymous_1)","decl":{"start":{"line":15,"column":33},"end":{"line":15,"column":36}},"loc":{"start":{"line":15,"column":38},"end":{"line":19,"column":3}}},"2":{"name":"(anonymous_2)","decl":{"start":{"line":21,"column":12},"end":{"line":21,"column":15}},"loc":{"start":{"line":21,"column":17},"end":{"line":36,"column":3}}},"3":{"name":"(anonymous_3)","decl":{"start":{"line":24,"column":26},"end":{"line":24,"column":27}},"loc":{"start":{"line":24,"column":51},"end":{"line":30,"column":5}}},"4":{"name":"(anonymous_4)","decl":{"start":{"line":33,"column":11},"end":{"line":33,"column":14}},"loc":{"start":{"line":33,"column":16},"end":{"line":35,"column":5}}}},"branchMap":{"0":{"loc":{"start":{"line":16,"column":4},"end":{"line":18,"column":5}},"type":"if","locations":[{"start":{"line":16,"column":4},"end":{"line":18,"column":5}},{"start":{},"end":{}}]},"1":{"loc":{"start":{"line":22,"column":4},"end":{"line":22,"column":24}},"type":"if","locations":[{"start":{"line":22,"column":4},"end":{"line":22,"column":24}},{"start":{},"end":{}}]},"2":{"loc":{"start":{"line":26,"column":6},"end":{"line":29,"column":7}},"type":"if","locations":[{"start":{"line":26,"column":6},"end":{"line":29,"column":7}},{"start":{},"end":{}}]},"3":{"loc":{"start":{"line":26,"column":10},"end":{"line":26,"column":63}},"type":"binary-expr","locations":[{"start":{"line":26,"column":11},"end":{"line":26,"column":24}},{"start":{"line":26,"column":28},"end":{"line":26,"column":41}},{"start":{"line":26,"column":46},"end":{"line":26,"column":63}}]}},"s":{"0":1,"1":1,"2":32,"3":0,"4":0,"5":32,"6":23,"7":0,"8":23,"9":0,"10":0,"11":0,"12":23,"13":23,"14":23,"15":32},"f":{"0":32,"1":0,"2":23,"3":0,"4":23},"b":{"0":[0,0],"1":[0,23],"2":[0,0],"3":[0,0,0]}}
,"/home/jacob/repos/onix/src/features/editor/screens/index.tsx": {"path":"/home/jacob/repos/onix/src/features/editor/screens/index.tsx","statementMap":{"0":{"start":{"line":19,"column":0},"end":{"line":19,"column":16}},"1":{"start":{"line":1,"column":0},"end":{"line":1,"column":57}},"2":{"start":{"line":3,"column":0},"end":{"line":3,"column":57}},"3":{"start":{"line":5,"column":0},"end":{"line":5,"column":62}},"4":{"start":{"line":6,"column":0},"end":{"line":6,"column":46}},"5":{"start":{"line":7,"column":0},"end":{"line":7,"column":67}},"6":{"start":{"line":28,"column":38},"end":{"line":28,"column":53}},"7":{"start":{"line":29,"column":36},"end":{"line":29,"column":47}},"8":{"start":{"line":30,"column":46},"end":{"line":30,"column":57}},"9":{"start":{"line":32,"column":17},"end":{"line":90,"column":4}},"10":{"start":{"line":37,"column":31},"end":{"line":37,"column":74}},"11":{"start":{"line":38,"column":36},"end":{"line":38,"column":84}},"12":{"start":{"line":39,"column":6},"end":{"line":39,"column":37}},"13":{"start":{"line":40,"column":6},"end":{"line":40,"column":47}},"14":{"start":{"line":43,"column":6},"end":{"line":53,"column":12}},"15":{"start":{"line":44,"column":26},"end":{"line":44,"column":53}},"16":{"start":{"line":45,"column":8},"end":{"line":52,"column":9}},"17":{"start":{"line":51,"column":10},"end":{"line":51,"column":41}},"18":{"start":{"line":56,"column":19},"end":{"line":56,"column":35}},"19":{"start":{"line":57,"column":23},"end":{"line":57,"column":43}},"20":{"start":{"line":58,"column":6},"end":{"line":58,"column":26}},"21":{"start":{"line":61,"column":27},"end":{"line":61,"column":70}},"22":{"start":{"line":62,"column":32},"end":{"line":62,"column":80}},"23":{"start":{"line":63,"column":6},"end":{"line":63,"column":33}},"24":{"start":{"line":64,"column":6},"end":{"line":64,"column":43}},"25":{"start":{"line":66,"column":6},"end":{"line":66,"column":33}},"26":{"start":{"line":78,"column":24},"end":{"line":78,"column":60}},"27":{"start":{"line":79,"column":8},"end":{"line":79,"column":33}},"28":{"start":{"line":79,"column":21},"end":{"line":79,"column":33}},"29":{"start":{"line":82,"column":8},"end":{"line":85,"column":9}},"30":{"start":{"line":84,"column":10},"end":{"line":84,"column":23}},"31":{"start":{"line":87,"column":8},"end":{"line":87,"column":21}},"32":{"start":{"line":92,"column":21},"end":{"line":99,"column":22}},"33":{"start":{"line":93,"column":4},"end":{"line":98,"column":5}},"34":{"start":{"line":94,"column":19},"end":{"line":94,"column":35}},"35":{"start":{"line":95,"column":23},"end":{"line":95,"column":43}},"36":{"start":{"line":96,"column":6},"end":{"line":96,"column":29}},"37":{"start":{"line":97,"column":6},"end":{"line":97,"column":27}},"38":{"start":{"line":102,"column":2},"end":{"line":105,"column":5}},"39":{"start":{"line":108,"column":2},"end":{"line":117,"column":24}},"40":{"start":{"line":109,"column":4},"end":{"line":116,"column":5}},"41":{"start":{"line":110,"column":6},"end":{"line":110,"column":57}},"42":{"start":{"line":112,"column":27},"end":{"line":112,"column":70}},"43":{"start":{"line":113,"column":32},"end":{"line":113,"column":80}},"44":{"start":{"line":114,"column":6},"end":{"line":114,"column":33}},"45":{"start":{"line":115,"column":6},"end":{"line":115,"column":43}},"46":{"start":{"line":119,"column":2},"end":{"line":123,"column":3}},"47":{"start":{"line":120,"column":4},"end":{"line":122,"column":6}},"48":{"start":{"line":125,"column":2},"end":{"line":167,"column":4}}},"fnMap":{"0":{"name":"OnixEditor","decl":{"start":{"line":19,"column":16},"end":{"line":19,"column":26}},"loc":{"start":{"line":27,"column":18},"end":{"line":168,"column":1}}},"1":{"name":"(anonymous_1)","decl":{"start":{"line":35,"column":14},"end":{"line":35,"column":15}},"loc":{"start":{"line":35,"column":29},"end":{"line":54,"column":5}}},"2":{"name":"(anonymous_2)","decl":{"start":{"line":43,"column":17},"end":{"line":43,"column":20}},"loc":{"start":{"line":43,"column":22},"end":{"line":53,"column":7}}},"3":{"name":"(anonymous_3)","decl":{"start":{"line":55,"column":14},"end":{"line":55,"column":15}},"loc":{"start":{"line":55,"column":29},"end":{"line":67,"column":5}}},"4":{"name":"(anonymous_4)","decl":{"start":{"line":76,"column":21},"end":{"line":76,"column":22}},"loc":{"start":{"line":76,"column":37},"end":{"line":88,"column":7}}},"5":{"name":"(anonymous_5)","decl":{"start":{"line":92,"column":33},"end":{"line":92,"column":36}},"loc":{"start":{"line":92,"column":38},"end":{"line":99,"column":3}}},"6":{"name":"(anonymous_6)","decl":{"start":{"line":108,"column":12},"end":{"line":108,"column":15}},"loc":{"start":{"line":108,"column":17},"end":{"line":117,"column":3}}}},"branchMap":{"0":{"loc":{"start":{"line":20,"column":2},"end":{"line":20,"column":14}},"type":"default-arg","locations":[{"start":{"line":20,"column":12},"end":{"line":20,"column":14}}]},"1":{"loc":{"start":{"line":21,"column":2},"end":{"line":21,"column":34}},"type":"default-arg","locations":[{"start":{"line":21,"column":16},"end":{"line":21,"column":34}}]},"2":{"loc":{"start":{"line":24,"column":2},"end":{"line":24,"column":16}},"type":"default-arg","locations":[{"start":{"line":24,"column":14},"end":{"line":24,"column":16}}]},"3":{"loc":{"start":{"line":25,"column":2},"end":{"line":25,"column":15}},"type":"default-arg","locations":[{"start":{"line":25,"column":13},"end":{"line":25,"column":15}}]},"4":{"loc":{"start":{"line":26,"column":2},"end":{"line":26,"column":16}},"type":"default-arg","locations":[{"start":{"line":26,"column":14},"end":{"line":26,"column":16}}]},"5":{"loc":{"start":{"line":34,"column":13},"end":{"line":34,"column":35}},"type":"binary-expr","locations":[{"start":{"line":34,"column":13},"end":{"line":34,"column":20}},{"start":{"line":34,"column":24},"end":{"line":34,"column":35}}]},"6":{"loc":{"start":{"line":37,"column":31},"end":{"line":37,"column":74}},"type":"binary-expr","locations":[{"start":{"line":37,"column":31},"end":{"line":37,"column":69}},{"start":{"line":37,"column":73},"end":{"line":37,"column":74}}]},"7":{"loc":{"start":{"line":38,"column":36},"end":{"line":38,"column":84}},"type":"binary-expr","locations":[{"start":{"line":38,"column":36},"end":{"line":38,"column":79}},{"start":{"line":38,"column":83},"end":{"line":38,"column":84}}]},"8":{"loc":{"start":{"line":45,"column":8},"end":{"line":52,"column":9}},"type":"if","locations":[{"start":{"line":45,"column":8},"end":{"line":52,"column":9}},{"start":{},"end":{}}]},"9":{"loc":{"start":{"line":46,"column":10},"end":{"line":49,"column":38}},"type":"binary-expr","locations":[{"start":{"line":46,"column":10},"end":{"line":46,"column":19}},{"start":{"line":47,"column":10},"end":{"line":47,"column":43}},{"start":{"line":48,"column":10},"end":{"line":48,"column":37}},{"start":{"line":49,"column":10},"end":{"line":49,"column":38}}]},"10":{"loc":{"start":{"line":61,"column":27},"end":{"line":61,"column":70}},"type":"binary-expr","locations":[{"start":{"line":61,"column":27},"end":{"line":61,"column":65}},{"start":{"line":61,"column":69},"end":{"line":61,"column":70}}]},"11":{"loc":{"start":{"line":62,"column":32},"end":{"line":62,"column":80}},"type":"binary-expr","locations":[{"start":{"line":62,"column":32},"end":{"line":62,"column":75}},{"start":{"line":62,"column":79},"end":{"line":62,"column":80}}]},"12":{"loc":{"start":{"line":79,"column":8},"end":{"line":79,"column":33}},"type":"if","locations":[{"start":{"line":79,"column":8},"end":{"line":79,"column":33}},{"start":{},"end":{}}]},"13":{"loc":{"start":{"line":82,"column":8},"end":{"line":85,"column":9}},"type":"if","locations":[{"start":{"line":82,"column":8},"end":{"line":85,"column":9}},{"start":{},"end":{}}]},"14":{"loc":{"start":{"line":82,"column":12},"end":{"line":82,"column":92}},"type":"binary-expr","locations":[{"start":{"line":82,"column":12},"end":{"line":82,"column":29}},{"start":{"line":82,"column":33},"end":{"line":82,"column":50}},{"start":{"line":82,"column":54},"end":{"line":82,"column":71}},{"start":{"line":82,"column":75},"end":{"line":82,"column":92}}]},"15":{"loc":{"start":{"line":93,"column":4},"end":{"line":98,"column":5}},"type":"if","locations":[{"start":{"line":93,"column":4},"end":{"line":98,"column":5}},{"start":{},"end":{}}]},"16":{"loc":{"start":{"line":93,"column":8},"end":{"line":93,"column":24}},"type":"binary-expr","locations":[{"start":{"line":93,"column":8},"end":{"line":93,"column":14}},{"start":{"line":93,"column":18},"end":{"line":93,"column":24}}]},"17":{"loc":{"start":{"line":109,"column":4},"end":{"line":116,"column":5}},"type":"if","locations":[{"start":{"line":109,"column":4},"end":{"line":116,"column":5}},{"start":{},"end":{}}]},"18":{"loc":{"start":{"line":109,"column":8},"end":{"line":109,"column":46}},"type":"binary-expr","locations":[{"start":{"line":109,"column":8},"end":{"line":109,"column":14}},{"start":{"line":109,"column":18},"end":{"line":109,"column":46}}]},"19":{"loc":{"start":{"line":110,"column":33},"end":{"line":110,"column":55}},"type":"binary-expr","locations":[{"start":{"line":110,"column":33},"end":{"line":110,"column":40}},{"start":{"line":110,"column":44},"end":{"line":110,"column":55}}]},"20":{"loc":{"start":{"line":112,"column":27},"end":{"line":112,"column":70}},"type":"binary-expr","locations":[{"start":{"line":112,"column":27},"end":{"line":112,"column":65}},{"start":{"line":112,"column":69},"end":{"line":112,"column":70}}]},"21":{"loc":{"start":{"line":113,"column":32},"end":{"line":113,"column":80}},"type":"binary-expr","locations":[{"start":{"line":113,"column":32},"end":{"line":113,"column":75}},{"start":{"line":113,"column":79},"end":{"line":113,"column":80}}]},"22":{"loc":{"start":{"line":119,"column":2},"end":{"line":123,"column":3}},"type":"if","locations":[{"start":{"line":119,"column":2},"end":{"line":123,"column":3}},{"start":{},"end":{}}]},"23":{"loc":{"start":{"line":130,"column":11},"end":{"line":130,"column":85}},"type":"binary-expr","locations":[{"start":{"line":130,"column":11},"end":{"line":130,"column":20}},{"start":{"line":130,"column":24},"end":{"line":130,"column":85}}]},"24":{"loc":{"start":{"line":131,"column":11},"end":{"line":131,"column":74}},"type":"binary-expr","locations":[{"start":{"line":131,"column":11},"end":{"line":131,"column":19}},{"start":{"line":131,"column":23},"end":{"line":131,"column":74}}]},"25":{"loc":{"start":{"line":134,"column":11},"end":{"line":134,"column":75}},"type":"binary-expr","locations":[{"start":{"line":134,"column":11},"end":{"line":134,"column":21}},{"start":{"line":134,"column":25},"end":{"line":134,"column":75}}]},"26":{"loc":{"start":{"line":135,"column":11},"end":{"line":144,"column":null}},"type":"binary-expr","locations":[{"start":{"line":135,"column":11},"end":{"line":135,"column":17}},{"start":{"line":136,"column":12},"end":{"line":143,"column":null}}]},"27":{"loc":{"start":{"line":140,"column":16},"end":{"line":140,"column":null}},"type":"cond-expr","locations":[{"start":{"line":140,"column":29},"end":{"line":140,"column":55}},{"start":{"line":140,"column":58},"end":{"line":140,"column":null}}]},"28":{"loc":{"start":{"line":143,"column":15},"end":{"line":143,"column":50}},"type":"cond-expr","locations":[{"start":{"line":143,"column":28},"end":{"line":143,"column":40}},{"start":{"line":143,"column":43},"end":{"line":143,"column":50}}]}},"s":{"0":1,"1":1,"2":1,"3":1,"4":1,"5":1,"6":32,"7":32,"8":32,"9":32,"10":0,"11":0,"12":0,"13":0,"14":0,"15":0,"16":0,"17":0,"18":15,"19":15,"20":15,"21":15,"22":15,"23":15,"24":15,"25":15,"26":0,"27":0,"28":0,"29":0,"30":0,"31":0,"32":32,"33":0,"34":0,"35":0,"36":0,"37":0,"38":32,"39":32,"40":23,"41":23,"42":23,"43":23,"44":23,"45":23,"46":32,"47":0,"48":32},"f":{"0":32,"1":0,"2":0,"3":15,"4":0,"5":0,"6":23},"b":{"0":[31],"1":[31],"2":[32],"3":[32],"4":[32],"5":[32,31],"6":[0,0],"7":[0,0],"8":[0,0],"9":[0,0,0,0],"10":[15,0],"11":[15,0],"12":[0,0],"13":[0,0],"14":[0,0,0,0],"15":[0,0],"16":[0,0],"17":[23,0],"18":[23,23],"19":[23,22],"20":[23,0],"21":[23,0],"22":[0,32],"23":[32,0],"24":[32,0],"25":[32,9],"26":[32,2],"27":[0,2],"28":[0,2]}}
,"/home/jacob/repos/onix/src/features/editor/utils/index.ts": {"path":"/home/jacob/repos/onix/src/features/editor/utils/index.ts","statementMap":{"0":{"start":{"line":1,"column":0},"end":{"line":1,"column":null}},"1":{"start":{"line":2,"column":2},"end":{"line":2,"column":null}},"2":{"start":{"line":3,"column":2},"end":{"line":3,"column":null}},"3":{"start":{"line":4,"column":2},"end":{"line":4,"column":null}},"4":{"start":{"line":5,"column":2},"end":{"line":5,"column":null}},"5":{"start":{"line":6,"column":2},"end":{"line":6,"column":null}},"6":{"start":{"line":8,"column":0},"end":{"line":8,"column":9}},"7":{"start":{"line":8,"column":9},"end":{"line":8,"column":63}}},"fnMap":{"0":{"name":"(anonymous_0)","decl":{"start":{"line":2,"column":2},"end":{"line":2,"column":16}},"loc":{"start":{"line":2,"column":2},"end":{"line":2,"column":null}}},"1":{"name":"(anonymous_1)","decl":{"start":{"line":3,"column":2},"end":{"line":3,"column":17}},"loc":{"start":{"line":3,"column":2},"end":{"line":3,"column":null}}},"2":{"name":"(anonymous_2)","decl":{"start":{"line":4,"column":2},"end":{"line":4,"column":18}},"loc":{"start":{"line":4,"column":2},"end":{"line":4,"column":null}}},"3":{"name":"(anonymous_3)","decl":{"start":{"line":5,"column":2},"end":{"line":5,"column":12}},"loc":{"start":{"line":5,"column":2},"end":{"line":5,"column":null}}},"4":{"name":"(anonymous_4)","decl":{"start":{"line":6,"column":2},"end":{"line":6,"column":14}},"loc":{"start":{"line":6,"column":2},"end":{"line":6,"column":null}}},"5":{"name":"(anonymous_5)","decl":{"start":{"line":8,"column":9},"end":{"line":8,"column":32}},"loc":{"start":{"line":8,"column":9},"end":{"line":8,"column":63}}}},"branchMap":{},"s":{"0":1,"1":16,"2":1,"3":1,"4":1,"5":1,"6":1,"7":1},"f":{"0":15,"1":0,"2":0,"3":0,"4":0,"5":0},"b":{}}
,"/home/jacob/repos/onix/src/features/editor/utils/markdown-shortcuts.ts": {"path":"/home/jacob/repos/onix/src/features/editor/utils/markdown-shortcuts.ts","statementMap":{"0":{"start":{"line":7,"column":0},"end":{"line":7,"column":16}},"1":{"start":{"line":8,"column":2},"end":{"line":8,"column":38}},"2":{"start":{"line":8,"column":25},"end":{"line":8,"column":38}},"3":{"start":{"line":10,"column":30},"end":{"line":10,"column":34}},"4":{"start":{"line":11,"column":24},"end":{"line":11,"column":29}},"5":{"start":{"line":12,"column":20},"end":{"line":12,"column":29}},"6":{"start":{"line":15,"column":20},"end":{"line":15,"column":44}},"7":{"start":{"line":16,"column":19},"end":{"line":16,"column":62}},"8":{"start":{"line":19,"column":23},"end":{"line":19,"column":51}},"9":{"start":{"line":20,"column":2},"end":{"line":34,"column":3}},"10":{"start":{"line":21,"column":18},"end":{"line":21,"column":40}},"11":{"start":{"line":22,"column":24},"end":{"line":22,"column":54}},"12":{"start":{"line":25,"column":4},"end":{"line":27,"column":5}},"13":{"start":{"line":26,"column":6},"end":{"line":26,"column":18}},"14":{"start":{"line":29,"column":15},"end":{"line":29,"column":23}},"15":{"start":{"line":30,"column":4},"end":{"line":30,"column":36}},"16":{"start":{"line":31,"column":4},"end":{"line":31,"column":81}},"17":{"start":{"line":32,"column":4},"end":{"line":32,"column":17}},"18":{"start":{"line":33,"column":4},"end":{"line":33,"column":16}},"19":{"start":{"line":37,"column":2},"end":{"line":46,"column":3}},"20":{"start":{"line":38,"column":15},"end":{"line":38,"column":23}},"21":{"start":{"line":39,"column":4},"end":{"line":39,"column":36}},"22":{"start":{"line":40,"column":18},"end":{"line":40,"column":36}},"23":{"start":{"line":41,"column":4},"end":{"line":43,"column":5}},"24":{"start":{"line":42,"column":6},"end":{"line":42,"column":64}},"25":{"start":{"line":44,"column":4},"end":{"line":44,"column":17}},"26":{"start":{"line":45,"column":4},"end":{"line":45,"column":16}},"27":{"start":{"line":49,"column":2},"end":{"line":61,"column":3}},"28":{"start":{"line":50,"column":15},"end":{"line":50,"column":23}},"29":{"start":{"line":51,"column":4},"end":{"line":51,"column":36}},"30":{"start":{"line":52,"column":18},"end":{"line":52,"column":36}},"31":{"start":{"line":53,"column":4},"end":{"line":58,"column":5}},"32":{"start":{"line":54,"column":6},"end":{"line":57,"column":9}},"33":{"start":{"line":59,"column":4},"end":{"line":59,"column":17}},"34":{"start":{"line":60,"column":4},"end":{"line":60,"column":16}},"35":{"start":{"line":64,"column":2},"end":{"line":77,"column":3}},"36":{"start":{"line":65,"column":20},"end":{"line":65,"column":40}},"37":{"start":{"line":66,"column":15},"end":{"line":66,"column":23}},"38":{"start":{"line":67,"column":4},"end":{"line":67,"column":36}},"39":{"start":{"line":68,"column":18},"end":{"line":68,"column":36}},"40":{"start":{"line":69,"column":4},"end":{"line":74,"column":5}},"41":{"start":{"line":70,"column":6},"end":{"line":73,"column":9}},"42":{"start":{"line":75,"column":4},"end":{"line":75,"column":17}},"43":{"start":{"line":76,"column":4},"end":{"line":76,"column":16}},"44":{"start":{"line":80,"column":2},"end":{"line":86,"column":3}},"45":{"start":{"line":81,"column":15},"end":{"line":81,"column":23}},"46":{"start":{"line":82,"column":4},"end":{"line":82,"column":36}},"47":{"start":{"line":83,"column":4},"end":{"line":83,"column":72}},"48":{"start":{"line":84,"column":4},"end":{"line":84,"column":17}},"49":{"start":{"line":85,"column":4},"end":{"line":85,"column":16}},"50":{"start":{"line":89,"column":2},"end":{"line":95,"column":3}},"51":{"start":{"line":90,"column":15},"end":{"line":90,"column":23}},"52":{"start":{"line":91,"column":4},"end":{"line":91,"column":36}},"53":{"start":{"line":92,"column":4},"end":{"line":92,"column":72}},"54":{"start":{"line":93,"column":4},"end":{"line":93,"column":17}},"55":{"start":{"line":94,"column":4},"end":{"line":94,"column":16}},"56":{"start":{"line":97,"column":2},"end":{"line":97,"column":15}}},"fnMap":{"0":{"name":"handleMarkdownShortcuts","decl":{"start":{"line":7,"column":16},"end":{"line":7,"column":39}},"loc":{"start":{"line":7,"column":78},"end":{"line":98,"column":1}}}},"branchMap":{"0":{"loc":{"start":{"line":8,"column":2},"end":{"line":8,"column":38}},"type":"if","locations":[{"start":{"line":8,"column":2},"end":{"line":8,"column":38}},{"start":{},"end":{}}]},"1":{"loc":{"start":{"line":20,"column":2},"end":{"line":34,"column":3}},"type":"if","locations":[{"start":{"line":20,"column":2},"end":{"line":34,"column":3}},{"start":{},"end":{}}]},"2":{"loc":{"start":{"line":25,"column":4},"end":{"line":27,"column":5}},"type":"if","locations":[{"start":{"line":25,"column":4},"end":{"line":27,"column":5}},{"start":{},"end":{}}]},"3":{"loc":{"start":{"line":25,"column":8},"end":{"line":25,"column":34}},"type":"binary-expr","locations":[{"start":{"line":25,"column":8},"end":{"line":25,"column":19}},{"start":{"line":25,"column":23},"end":{"line":25,"column":34}}]},"4":{"loc":{"start":{"line":37,"column":2},"end":{"line":46,"column":3}},"type":"if","locations":[{"start":{"line":37,"column":2},"end":{"line":46,"column":3}},{"start":{},"end":{}}]},"5":{"loc":{"start":{"line":41,"column":4},"end":{"line":43,"column":5}},"type":"if","locations":[{"start":{"line":41,"column":4},"end":{"line":43,"column":5}},{"start":{},"end":{}}]},"6":{"loc":{"start":{"line":49,"column":2},"end":{"line":61,"column":3}},"type":"if","locations":[{"start":{"line":49,"column":2},"end":{"line":61,"column":3}},{"start":{},"end":{}}]},"7":{"loc":{"start":{"line":49,"column":6},"end":{"line":49,"column":62}},"type":"binary-expr","locations":[{"start":{"line":49,"column":6},"end":{"line":49,"column":22}},{"start":{"line":49,"column":26},"end":{"line":49,"column":42}},{"start":{"line":49,"column":46},"end":{"line":49,"column":62}}]},"8":{"loc":{"start":{"line":53,"column":4},"end":{"line":58,"column":5}},"type":"if","locations":[{"start":{"line":53,"column":4},"end":{"line":58,"column":5}},{"start":{},"end":{}}]},"9":{"loc":{"start":{"line":64,"column":2},"end":{"line":77,"column":3}},"type":"if","locations":[{"start":{"line":64,"column":2},"end":{"line":77,"column":3}},{"start":{},"end":{}}]},"10":{"loc":{"start":{"line":64,"column":6},"end":{"line":64,"column":50}},"type":"binary-expr","locations":[{"start":{"line":64,"column":6},"end":{"line":64,"column":26}},{"start":{"line":64,"column":30},"end":{"line":64,"column":50}}]},"11":{"loc":{"start":{"line":69,"column":4},"end":{"line":74,"column":5}},"type":"if","locations":[{"start":{"line":69,"column":4},"end":{"line":74,"column":5}},{"start":{},"end":{}}]},"12":{"loc":{"start":{"line":80,"column":2},"end":{"line":86,"column":3}},"type":"if","locations":[{"start":{"line":80,"column":2},"end":{"line":86,"column":3}},{"start":{},"end":{}}]},"13":{"loc":{"start":{"line":80,"column":6},"end":{"line":80,"column":46}},"type":"binary-expr","locations":[{"start":{"line":80,"column":6},"end":{"line":80,"column":24}},{"start":{"line":80,"column":28},"end":{"line":80,"column":46}}]},"14":{"loc":{"start":{"line":89,"column":2},"end":{"line":95,"column":3}},"type":"if","locations":[{"start":{"line":89,"column":2},"end":{"line":95,"column":3}},{"start":{},"end":{}}]}},"s":{"0":1,"1":0,"2":0,"3":0,"4":0,"5":0,"6":0,"7":0,"8":0,"9":0,"10":0,"11":0,"12":0,"13":0,"14":0,"15":0,"16":0,"17":0,"18":0,"19":0,"20":0,"21":0,"22":0,"23":0,"24":0,"25":0,"26":0,"27":0,"28":0,"29":0,"30":0,"31":0,"32":0,"33":0,"34":0,"35":0,"36":0,"37":0,"38":0,"39":0,"40":0,"41":0,"42":0,"43":0,"44":0,"45":0,"46":0,"47":0,"48":0,"49":0,"50":0,"51":0,"52":0,"53":0,"54":0,"55":0,"56":0},"f":{"0":0},"b":{"0":[0,0],"1":[0,0],"2":[0,0],"3":[0,0],"4":[0,0],"5":[0,0],"6":[0,0],"7":[0,0,0],"8":[0,0],"9":[0,0],"10":[0,0],"11":[0,0],"12":[0,0],"13":[0,0],"14":[0,0]}}
,"/home/jacob/repos/onix/src/features/editor/utils/markdown.ts": {"path":"/home/jacob/repos/onix/src/features/editor/utils/markdown.ts","statementMap":{"0":{"start":{"line":10,"column":0},"end":{"line":10,"column":16}},"1":{"start":{"line":29,"column":0},"end":{"line":29,"column":16}},"2":{"start":{"line":42,"column":0},"end":{"line":42,"column":16}},"3":{"start":{"line":53,"column":0},"end":{"line":53,"column":16}},"4":{"start":{"line":63,"column":0},"end":{"line":63,"column":16}},"5":{"start":{"line":11,"column":2},"end":{"line":22,"column":29}},"6":{"start":{"line":14,"column":26},"end":{"line":14,"column":68}},"7":{"start":{"line":30,"column":2},"end":{"line":35,"column":30}},"8":{"start":{"line":43,"column":2},"end":{"line":46,"column":12}},"9":{"start":{"line":54,"column":2},"end":{"line":57,"column":44}},"10":{"start":{"line":57,"column":20},"end":{"line":57,"column":35}},"11":{"start":{"line":64,"column":2},"end":{"line":66,"column":3}},"12":{"start":{"line":65,"column":4},"end":{"line":65,"column":16}},"13":{"start":{"line":67,"column":2},"end":{"line":67,"column":50}}},"fnMap":{"0":{"name":"htmlToMarkdown","decl":{"start":{"line":10,"column":16},"end":{"line":10,"column":30}},"loc":{"start":{"line":10,"column":43},"end":{"line":23,"column":1}}},"1":{"name":"(anonymous_1)","decl":{"start":{"line":14,"column":6},"end":{"line":14,"column":7}},"loc":{"start":{"line":14,"column":26},"end":{"line":14,"column":68}}},"2":{"name":"sanitizeContent","decl":{"start":{"line":29,"column":16},"end":{"line":29,"column":31}},"loc":{"start":{"line":29,"column":47},"end":{"line":36,"column":1}}},"3":{"name":"extractPlainText","decl":{"start":{"line":42,"column":16},"end":{"line":42,"column":32}},"loc":{"start":{"line":42,"column":45},"end":{"line":47,"column":1}}},"4":{"name":"countWords","decl":{"start":{"line":53,"column":16},"end":{"line":53,"column":26}},"loc":{"start":{"line":53,"column":39},"end":{"line":58,"column":1}}},"5":{"name":"(anonymous_5)","decl":{"start":{"line":57,"column":12},"end":{"line":57,"column":16}},"loc":{"start":{"line":57,"column":20},"end":{"line":57,"column":35}}},"6":{"name":"truncateText","decl":{"start":{"line":63,"column":16},"end":{"line":63,"column":28}},"loc":{"start":{"line":63,"column":60},"end":{"line":68,"column":1}}}},"branchMap":{"0":{"loc":{"start":{"line":64,"column":2},"end":{"line":66,"column":3}},"type":"if","locations":[{"start":{"line":64,"column":2},"end":{"line":66,"column":3}},{"start":{},"end":{}}]}},"s":{"0":1,"1":1,"2":1,"3":1,"4":1,"5":15,"6":11,"7":0,"8":0,"9":0,"10":0,"11":0,"12":0,"13":0},"f":{"0":15,"1":11,"2":0,"3":0,"4":0,"5":0,"6":0},"b":{"0":[0,0]}}
,"/home/jacob/repos/onix/src/routes/__root.tsx": {"path":"/home/jacob/repos/onix/src/routes/__root.tsx","statementMap":{"0":{"start":{"line":9,"column":2},"end":{"line":12,"column":9}},"1":{"start":{"line":11,"column":4},"end":{"line":11,"column":51}},"2":{"start":{"line":14,"column":2},"end":{"line":21,"column":4}},"3":{"start":{"line":24,"column":21},"end":{"line":43,"column":2}},"4":{"start":{"line":27,"column":4},"end":{"line":40,"column":null}}},"fnMap":{"0":{"name":"RootComponent","decl":{"start":{"line":8,"column":9},"end":{"line":8,"column":22}},"loc":{"start":{"line":8,"column":22},"end":{"line":22,"column":1}}},"1":{"name":"(anonymous_1)","decl":{"start":{"line":9,"column":12},"end":{"line":9,"column":15}},"loc":{"start":{"line":9,"column":17},"end":{"line":12,"column":3}}},"2":{"name":"(anonymous_2)","decl":{"start":{"line":26,"column":21},"end":{"line":26,"column":24}},"loc":{"start":{"line":27,"column":4},"end":{"line":40,"column":null}}}},"branchMap":{},"s":{"0":0,"1":0,"2":0,"3":0,"4":0},"f":{"0":0,"1":0,"2":0},"b":{}}
,"/home/jacob/repos/onix/src/routes/index.tsx": {"path":"/home/jacob/repos/onix/src/routes/index.tsx","statementMap":{"0":{"start":{"line":3,"column":21},"end":{"line":5,"column":2}},"1":{"start":{"line":10,"column":2},"end":{"line":10,"column":14}}},"fnMap":{"0":{"name":"Home","decl":{"start":{"line":7,"column":9},"end":{"line":7,"column":13}},"loc":{"start":{"line":7,"column":13},"end":{"line":11,"column":1}}}},"branchMap":{},"s":{"0":0,"1":0},"f":{"0":0},"b":{}}
[...]
line":86,"column":96}},"19":{"start":{"line":86,"column":75},"end":{"line":86,"column":95}},"20":{"start":{"line":87,"column":8},"end":{"line":89,"column":9}},"21":{"start":{"line":88,"column":10},"end":{"line":88,"column":38}},"22":{"start":{"line":93,"column":4},"end":{"line":93,"column":23}}},"fnMap":{"0":{"name":"cn","decl":{"start":{"line":15,"column":16},"end":{"line":15,"column":18}},"loc":{"start":{"line":15,"column":42},"end":{"line":17,"column":1}}},"1":{"name":"cva","decl":{"start":{"line":44,"column":16},"end":{"line":44,"column":19}},"loc":{"start":{"line":53,"column":3},"end":{"line":95,"column":1}}},"2":{"name":"(anonymous_2)","decl":{"start":{"line":55,"column":9},"end":{"line":55,"column":10}},"loc":{"start":{"line":55,"column":56},"end":{"line":94,"column":3}}},"3":{"name":"(anonymous_3)","decl":{"start":{"line":86,"column":57},"end":{"line":86,"column":58}},"loc":{"start":{"line":86,"column":75},"end":{"line":86,"column":95}}}},"branchMap":{"0":{"loc":{"start":{"line":56,"column":4},"end":{"line":56,"column":29}},"type":"if","locations":[{"start":{"line":56,"column":4},"end":{"line":56,"column":29}},{"start":{},"end":{}}]},"1":{"loc":{"start":{"line":64,"column":4},"end":{"line":71,"column":5}},"type":"if","locations":[{"start":{"line":64,"column":4},"end":{"line":71,"column":5}},{"start":{},"end":{}}]},"2":{"loc":{"start":{"line":64,"column":8},"end":{"line":64,"column":25}},"type":"binary-expr","locations":[{"start":{"line":64,"column":8},"end":{"line":64,"column":16}},{"start":{"line":64,"column":20},"end":{"line":64,"column":25}}]},"3":{"loc":{"start":{"line":67,"column":8},"end":{"line":69,"column":9}},"type":"if","locations":[{"start":{"line":67,"column":8},"end":{"line":69,"column":9}},{"start":{},"end":{}}]},"4":{"loc":{"start":{"line":67,"column":12},"end":{"line":67,"column":60}},"type":"binary-expr","locations":[{"start":{"line":67,"column":12},"end":{"line":67,"column":19}},{"start":{"line":67,"column":23},"end":{"line":67,"column":35}},{"start":{"line":67,"column":39},"end":{"line":67,"column":60}}]},"5":{"loc":{"start":{"line":74,"column":4},"end":{"line":80,"column":5}},"type":"if","locations":[{"start":{"line":74,"column":4},"end":{"line":80,"column":5}},{"start":{},"end":{}}]},"6":{"loc":{"start":{"line":76,"column":8},"end":{"line":78,"column":9}},"type":"if","locations":[{"start":{"line":76,"column":8},"end":{"line":78,"column":9}},{"start":{},"end":{}}]},"7":{"loc":{"start":{"line":76,"column":12},"end":{"line":76,"column":74}},"type":"binary-expr","locations":[{"start":{"line":76,"column":12},"end":{"line":76,"column":32}},{"start":{"line":76,"column":36},"end":{"line":76,"column":74}}]},"8":{"loc":{"start":{"line":83,"column":4},"end":{"line":91,"column":5}},"type":"if","locations":[{"start":{"line":83,"column":4},"end":{"line":91,"column":5}},{"start":{},"end":{}}]},"9":{"loc":{"start":{"line":83,"column":8},"end":{"line":83,"column":33}},"type":"binary-expr","locations":[{"start":{"line":83,"column":8},"end":{"line":83,"column":24}},{"start":{"line":83,"column":28},"end":{"line":83,"column":33}}]},"10":{"loc":{"start":{"line":87,"column":8},"end":{"line":89,"column":9}},"type":"if","locations":[{"start":{"line":87,"column":8},"end":{"line":89,"column":9}},{"start":{},"end":{}}]}},"s":{"0":0,"1":0,"2":0,"3":0,"4":0,"5":0,"6":0,"7":0,"8":0,"9":0,"10":0,"11":0,"12":0,"13":0,"14":0,"15":0,"16":0,"17":0,"18":0,"19":0,"20":0,"21":0,"22":0},"f":{"0":0,"1":0,"2":0,"3":0},"b":{"0":[0,0],"1":[0,0],"2":[0,0],"3":[0,0],"4":[0,0,0],"5":[0,0],"6":[0,0],"7":[0,0],"8":[0,0],"9":[0,0],"10":[0,0]}}
,"/home/jacob/repos/onix/src/utils/fileApi.ts": {"path":"/home/jacob/repos/onix/src/utils/fileApi.ts","statementMap":{"0":{"start":{"line":1,"column":0},"end":{"line":1,"column":46}},"1":{"start":{"line":15,"column":4},"end":{"line":19,"column":5}},"2":{"start":{"line":16,"column":6},"end":{"line":16,"column":59}},"3":{"start":{"line":18,"column":6},"end":{"line":18,"column":36}},"4":{"start":{"line":26,"column":4},"end":{"line":30,"column":5}},"5":{"start":{"line":27,"column":6},"end":{"line":27,"column":62}},"6":{"start":{"line":29,"column":6},"end":{"line":29,"column":36}},"7":{"start":{"line":37,"column":4},"end":{"line":41,"column":5}},"8":{"start":{"line":38,"column":6},"end":{"line":38,"column":60}},"9":{"start":{"line":40,"column":6},"end":{"line":40,"column":36}},"10":{"start":{"line":48,"column":4},"end":{"line":52,"column":5}},"11":{"start":{"line":49,"column":6},"end":{"line":49,"column":54}},"12":{"start":{"line":51,"column":6},"end":{"line":51,"column":36}},"13":{"start":{"line":59,"column":4},"end":{"line":63,"column":5}},"14":{"start":{"line":60,"column":6},"end":{"line":60,"column":71}},"15":{"start":{"line":62,"column":6},"end":{"line":62,"column":36}},"16":{"start":{"line":70,"column":4},"end":{"line":74,"column":5}},"17":{"start":{"line":71,"column":6},"end":{"line":71,"column":64}},"18":{"start":{"line":73,"column":6},"end":{"line":73,"column":36}},"19":{"start":{"line":81,"column":4},"end":{"line":85,"column":5}},"20":{"start":{"line":82,"column":6},"end":{"line":82,"column":67}},"21":{"start":{"line":84,"column":6},"end":{"line":84,"column":36}},"22":{"start":{"line":92,"column":4},"end":{"line":97,"column":5}},"23":{"start":{"line":93,"column":6},"end":{"line":96,"column":8}},"24":{"start":{"line":99,"column":4},"end":{"line":111,"column":5}},"25":{"start":{"line":100,"column":23},"end":{"line":100,"column":55}},"26":{"start":{"line":101,"column":6},"end":{"line":103,"column":7}},"27":{"start":{"line":102,"column":8},"end":{"line":102,"column":47}},"28":{"start":{"line":105,"column":6},"end":{"line":110,"column":7}},"29":{"start":{"line":106,"column":8},"end":{"line":109,"column":10}},"30":{"start":{"line":113,"column":4},"end":{"line":116,"column":6}},"31":{"start":{"line":10,"column":0},"end":{"line":10,"column":13}},"32":{"start":{"line":124,"column":13},"end":{"line":190,"column":2}},"33":{"start":{"line":129,"column":4},"end":{"line":129,"column":43}},"34":{"start":{"line":136,"column":18},"end":{"line":136,"column":37}},"35":{"start":{"line":137,"column":4},"end":{"line":137,"column":16}},"36":{"start":{"line":138,"column":4},"end":{"line":138,"column":27}},"37":{"start":{"line":145,"column":22},"end":{"line":145,"column":58}},"38":{"start":{"line":146,"column":4},"end":{"line":146,"column":58}},"39":{"start":{"line":153,"column":4},"end":{"line":155,"column":5}},"40":{"start":{"line":154,"column":6},"end":{"line":154,"column":26}},"41":{"start":{"line":156,"column":4},"end":{"line":156,"column":16}},"42":{"start":{"line":163,"column":4},"end":{"line":167,"column":21}},"43":{"start":{"line":174,"column":18},"end":{"line":174,"column":45}},"44":{"start":{"line":175,"column":4},"end":{"line":175,"column":38}},"45":{"start":{"line":175,"column":21},"end":{"line":175,"column":38}},"46":{"start":{"line":177,"column":14},"end":{"line":177,"column":58}},"47":{"start":{"line":178,"column":4},"end":{"line":178,"column":80}},"48":{"start":{"line":185,"column":4},"end":{"line":185,"column":37}},"49":{"start":{"line":185,"column":20},"end":{"line":185,"column":37}},"50":{"start":{"line":187,"column":17},"end":{"line":187,"column":53}},"51":{"start":{"line":188,"column":4},"end":{"line":188,"column":71}}},"fnMap":{"0":{"name":"(anonymous_0)","decl":{"start":{"line":14,"column":2},"end":{"line":14,"column":8}},"loc":{"start":{"line":14,"column":40},"end":{"line":20,"column":3}}},"1":{"name":"(anonymous_1)","decl":{"start":{"line":25,"column":2},"end":{"line":25,"column":8}},"loc":{"start":{"line":25,"column":58},"end":{"line":31,"column":3}}},"2":{"name":"(anonymous_2)","decl":{"start":{"line":36,"column":2},"end":{"line":36,"column":8}},"loc":{"start":{"line":36,"column":52},"end":{"line":42,"column":3}}},"3":{"name":"(anonymous_3)","decl":{"start":{"line":47,"column":2},"end":{"line":47,"column":8}},"loc":{"start":{"line":47,"column":42},"end":{"line":53,"column":3}}},"4":{"name":"(anonymous_4)","decl":{"start":{"line":58,"column":2},"end":{"line":58,"column":8}},"loc":{"start":{"line":58,"column":46},"end":{"line":64,"column":3}}},"5":{"name":"(anonymous_5)","decl":{"start":{"line":69,"column":2},"end":{"line":69,"column":8}},"loc":{"start":{"line":69,"column":42},"end":{"line":75,"column":3}}},"6":{"name":"(anonymous_6)","decl":{"start":{"line":80,"column":2},"end":{"line":80,"column":8}},"loc":{"start":{"line":80,"column":43},"end":{"line":86,"column":3}}},"7":{"name":"(anonymous_7)","decl":{"start":{"line":91,"column":10},"end":{"line":91,"column":16}},"loc":{"start":{"line":91,"column":43},"end":{"line":117,"column":3}}},"8":{"name":"(anonymous_8)","decl":{"start":{"line":128,"column":2},"end":{"line":128,"column":13}},"loc":{"start":{"line":128,"column":26},"end":{"line":130,"column":3}}},"9":{"name":"(anonymous_9)","decl":{"start":{"line":135,"column":2},"end":{"line":135,"column":14}},"loc":{"start":{"line":135,"column":27},"end":{"line":139,"column":3}}},"10":{"name":"(anonymous_10)","decl":{"start":{"line":144,"column":2},"end":{"line":144,"column":16}},"loc":{"start":{"line":144,"column":29},"end":{"line":147,"column":3}}},"11":{"name":"(anonymous_11)","decl":{"start":{"line":152,"column":2},"end":{"line":152,"column":25}},"loc":{"start":{"line":152,"column":38},"end":{"line":157,"column":3}}},"12":{"name":"(anonymous_12)","decl":{"start":{"line":162,"column":2},"end":{"line":162,"column":17}},"loc":{"start":{"line":162,"column":31},"end":{"line":168,"column":3}}},"13":{"name":"(anonymous_13)","decl":{"start":{"line":173,"column":2},"end":{"line":173,"column":16}},"loc":{"start":{"line":173,"column":30},"end":{"line":179,"column":3}}},"14":{"name":"(anonymous_14)","decl":{"start":{"line":184,"column":2},"end":{"line":184,"column":17}},"loc":{"start":{"line":184,"column":36},"end":{"line":189,"column":3}}}},"branchMap":{"0":{"loc":{"start":{"line":92,"column":4},"end":{"line":97,"column":5}},"type":"if","locations":[{"start":{"line":92,"column":4},"end":{"line":97,"column":5}},{"start":{},"end":{}}]},"1":{"loc":{"start":{"line":99,"column":4},"end":{"line":111,"column":5}},"type":"if","locations":[{"start":{"line":99,"column":4},"end":{"line":111,"column":5}},{"start":{},"end":{}}]},"2":{"loc":{"start":{"line":99,"column":8},"end":{"line":99,"column":51}},"type":"binary-expr","locations":[{"start":{"line":99,"column":8},"end":{"line":99,"column":33}},{"start":{"line":99,"column":37},"end":{"line":99,"column":51}}]},"3":{"loc":{"start":{"line":101,"column":6},"end":{"line":103,"column":7}},"type":"if","locations":[{"start":{"line":101,"column":6},"end":{"line":103,"column":7}},{"start":{},"end":{}}]},"4":{"loc":{"start":{"line":101,"column":10},"end":{"line":101,"column":43}},"type":"binary-expr","locations":[{"start":{"line":101,"column":10},"end":{"line":101,"column":23}},{"start":{"line":101,"column":27},"end":{"line":101,"column":43}}]},"5":{"loc":{"start":{"line":105,"column":6},"end":{"line":110,"column":7}},"type":"if","locations":[{"start":{"line":105,"column":6},"end":{"line":110,"column":7}},{"start":{},"end":{}}]},"6":{"loc":{"start":{"line":129,"column":11},"end":{"line":129,"column":42}},"type":"binary-expr","locations":[{"start":{"line":129,"column":11},"end":{"line":129,"column":36}},{"start":{"line":129,"column":40},"end":{"line":129,"column":42}}]},"7":{"loc":{"start":{"line":146,"column":11},"end":{"line":146,"column":57}},"type":"binary-expr","locations":[{"start":{"line":146,"column":11},"end":{"line":146,"column":29}},{"start":{"line":146,"column":33},"end":{"line":146,"column":57}}]},"8":{"loc":{"start":{"line":153,"column":4},"end":{"line":155,"column":5}},"type":"if","locations":[{"start":{"line":153,"column":4},"end":{"line":155,"column":5}},{"start":{},"end":{}}]},"9":{"loc":{"start":{"line":175,"column":4},"end":{"line":175,"column":38}},"type":"if","locations":[{"start":{"line":175,"column":4},"end":{"line":175,"column":38}},{"start":{},"end":{}}]},"10":{"loc":{"start":{"line":185,"column":4},"end":{"line":185,"column":37}},"type":"if","locations":[{"start":{"line":185,"column":4},"end":{"line":185,"column":37}},{"start":{},"end":{}}]}},"s":{"0":1,"1":2,"2":2,"3":1,"4":2,"5":2,"6":1,"7":2,"8":2,"9":1,"10":2,"11":2,"12":1,"13":2,"14":2,"15":1,"16":2,"17":2,"18":0,"19":1,"20":1,"21":0,"22":5,"23":0,"24":5,"25":5,"26":5,"27":5,"28":0,"29":0,"30":0,"31":1,"32":1,"33":3,"34":2,"35":2,"36":2,"37":8,"38":8,"39":3,"40":2,"41":1,"42":3,"43":5,"44":5,"45":1,"46":4,"47":4,"48":3,"49":2,"50":1,"51":1},"f":{"0":2,"1":2,"2":2,"3":2,"4":2,"5":2,"6":1,"7":5,"8":3,"9":2,"10":8,"11":3,"12":3,"13":5,"14":3},"b":{"0":[0,5],"1":[5,0],"2":[5,5],"3":[5,0],"4":[5,5],"5":[0,0],"6":[3,1],"7":[8,5],"8":[2,1],"9":[1,4],"10":[2,1]}}
,"/home/jacob/repos/onix/src/utils/keyboard-shortcuts.ts": {"path":"/home/jacob/repos/onix/src/utils/keyboard-shortcuts.ts","statementMap":{"0":{"start":{"line":14,"column":14},"end":{"line":14,"column":94}},"1":{"start":{"line":24,"column":6},"end":{"line":24,"column":22}},"2":{"start":{"line":26,"column":2},"end":{"line":98,"column":5}},"3":{"start":{"line":27,"column":42},"end":{"line":64,"column":6}},"4":{"start":{"line":49,"column":22},"end":{"line":49,"column":62}},"5":{"start":{"line":57,"column":28},"end":{"line":57,"column":50}},"6":{"start":{"line":58,"column":10},"end":{"line":60,"column":11}},"7":{"start":{"line":59,"column":12},"end":{"line":59,"column":39}},"8":{"start":{"line":66,"column":26},"end":{"line":87,"column":5}},"9":{"start":{"line":67,"column":58},"end":{"line":67,"column":63}},"10":{"start":{"line":69,"column":6},"end":{"line":86,"column":7}},"11":{"start":{"line":70,"column":30},"end":{"line":70,"column":85}},"12":{"start":{"line":72,"column":27},"end":{"line":72,"column":64}},"13":{"start":{"line":73,"column":25},"end":{"line":73,"column":56}},"14":{"start":{"line":75,"column":8},"end":{"line":85,"column":9}},"15":{"start":{"line":81,"column":10},"end":{"line":81,"column":33}},"16":{"start":{"line":82,"column":10},"end":{"line":82,"column":34}},"17":{"start":{"line":83,"column":10},"end":{"line":83,"column":28}},"18":{"start":{"line":84,"column":10},"end":{"line":84,"column":16}},"19":{"start":{"line":89,"column":4},"end":{"line":89,"column":56}},"20":{"start":{"line":90,"column":4},"end":{"line":90,"column":72}},"21":{"start":{"line":90,"column":17},"end":{"line":90,"column":71}},"22":{"start":{"line":100,"column":29},"end":{"line":116,"column":3}},"23":{"start":{"line":101,"column":28},"end":{"line":101,"column":30}},"24":{"start":{"line":103,"column":4},"end":{"line":105,"column":5}},"25":{"start":{"line":104,"column":6},"end":{"line":104,"column":39}},"26":{"start":{"line":106,"column":4},"end":{"line":108,"column":5}},"27":{"start":{"line":107,"column":6},"end":{"line":107,"column":22}},"28":{"start":{"line":109,"column":4},"end":{"line":111,"column":5}},"29":{"start":{"line":110,"column":6},"end":{"line":110,"column":38}},"30":{"start":{"line":113,"column":4},"end":{"line":113,"column":43}},"31":{"start":{"line":115,"column":4},"end":{"line":115,"column":29}},"32":{"start":{"line":118,"column":2},"end":{"line":118,"column":32}}},"fnMap":{"0":{"name":"useKeyboardShortcuts","decl":{"start":{"line":16,"column":16},"end":{"line":16,"column":36}},"loc":{"start":{"line":16,"column":36},"end":{"line":119,"column":1}}},"1":{"name":"(anonymous_1)","decl":{"start":{"line":26,"column":12},"end":{"line":26,"column":15}},"loc":{"start":{"line":26,"column":17},"end":{"line":91,"column":3}}},"2":{"name":"(anonymous_2)","decl":{"start":{"line":49,"column":16},"end":{"line":49,"column":19}},"loc":{"start":{"line":49,"column":22},"end":{"line":49,"column":62}}},"3":{"name":"(anonymous_3)","decl":{"start":{"line":55,"column":16},"end":{"line":55,"column":19}},"loc":{"start":{"line":55,"column":21},"end":{"line":61,"column":9}}},"4":{"name":"(anonymous_4)","decl":{"start":{"line":66,"column":26},"end":{"line":66,"column":27}},"loc":{"start":{"line":66,"column":51},"end":{"line":87,"column":5}}},"5":{"name":"(anonymous_5)","decl":{"start":{"line":90,"column":11},"end":{"line":90,"column":14}},"loc":{"start":{"line":90,"column":17},"end":{"line":90,"column":71}}},"6":{"name":"(anonymous_6)","decl":{"start":{"line":100,"column":29},"end":{"line":100,"column":30}},"loc":{"start":{"line":100,"column":68},"end":{"line":116,"column":3}}}},"branchMap":{"0":{"loc":{"start":{"line":14,"column":14},"end":{"line":14,"column":94}},"type":"binary-expr","locations":[{"start":{"line":14,"column":14},"end":{"line":14,"column":43}},{"start":{"line":14,"column":47},"end":{"line":14,"column":94}}]},"1":{"loc":{"start":{"line":58,"column":10},"end":{"line":60,"column":11}},"type":"if","locations":[{"start":{"line":58,"column":10},"end":{"line":60,"column":11}},{"start":{},"end":{}}]},"2":{"loc":{"start":{"line":58,"column":14},"end":{"line":58,"column":50}},"type":"binary-expr","locations":[{"start":{"line":58,"column":14},"end":{"line":58,"column":23}},{"start":{"line":58,"column":27},"end":{"line":58,"column":50}}]},"3":{"loc":{"start":{"line":70,"column":30},"end":{"line":70,"column":85}},"type":"cond-expr","locations":[{"start":{"line":70,"column":52},"end":{"line":70,"column":77}},{"start":{"line":70,"column":81},"end":{"line":70,"column":85}}]},"4":{"loc":{"start":{"line":70,"column":52},"end":{"line":70,"column":77}},"type":"cond-expr","locations":[{"start":{"line":70,"column":60},"end":{"line":70,"column":67}},{"start":{"line":70,"column":70},"end":{"line":70,"column":77}}]},"5":{"loc":{"start":{"line":72,"column":27},"end":{"line":72,"column":64}},"type":"cond-expr","locations":[{"start":{"line":72,"column":44},"end":{"line":72,"column":52}},{"start":{"line":72,"column":55},"end":{"line":72,"column":64}}]},"6":{"loc":{"start":{"line":73,"column":25},"end":{"line":73,"column":56}},"type":"cond-expr","locations":[{"start":{"line":73,"column":40},"end":{"line":73,"column":46}},{"start":{"line":73,"column":49},"end":{"line":73,"column":56}}]},"7":{"loc":{"start":{"line":75,"column":8},"end":{"line":85,"column":9}},"type":"if","locations":[{"start":{"line":75,"column":8},"end":{"line":85,"column":9}},{"start":{},"end":{}}]},"8":{"loc":{"start":{"line":76,"column":10},"end":{"line":79,"column":18}},"type":"binary-expr","locations":[{"start":{"line":76,"column":10},"end":{"line":76,"column":58}},{"start":{"line":77,"column":10},"end":{"line":77,"column":23}},{"start":{"line":78,"column":10},"end":{"line":78,"column":20}},{"start":{"line":79,"column":10},"end":{"line":79,"column":18}}]},"9":{"loc":{"start":{"line":103,"column":4},"end":{"line":105,"column":5}},"type":"if","locations":[{"start":{"line":103,"column":4},"end":{"line":105,"column":5}},{"start":{},"end":{}}]},"10":{"loc":{"start":{"line":104,"column":17},"end":{"line":104,"column":37}},"type":"cond-expr","locations":[{"start":{"line":104,"column":25},"end":{"line":104,"column":28}},{"start":{"line":104,"column":31},"end":{"line":104,"column":37}}]},"11":{"loc":{"start":{"line":106,"column":4},"end":{"line":108,"column":5}},"type":"if","locations":[{"start":{"line":106,"column":4},"end":{"line":108,"column":5}},{"start":{},"end":{}}]},"12":{"loc":{"start":{"line":109,"column":4},"end":{"line":111,"column":5}},"type":"if","locations":[{"start":{"line":109,"column":4},"end":{"line":111,"column":5}},{"start":{},"end":{}}]},"13":{"loc":{"start":{"line":110,"column":17},"end":{"line":110,"column":36}},"type":"cond-expr","locations":[{"start":{"line":110,"column":25},"end":{"line":110,"column":28}},{"start":{"line":110,"column":31},"end":{"line":110,"column":36}}]}},"s":{"0":0,"1":0,"2":0,"3":0,"4":0,"5":0,"6":0,"7":0,"8":0,"9":0,"10":0,"11":0,"12":0,"13":0,"14":0,"15":0,"16":0,"17":0,"18":0,"19":0,"20":0,"21":0,"22":0,"23":0,"24":0,"25":0,"26":0,"27":0,"28":0,"29":0,"30":0,"31":0,"32":0},"f":{"0":0,"1":0,"2":0,"3":0,"4":0,"5":0,"6":0},"b":{"0":[0,0],"1":[0,0],"2":[0,0],"3":[0,0],"4":[0,0],"5":[0,0],"6":[0,0],"7":[0,0],"8":[0,0,0,0],"9":[0,0],"10":[0,0],"11":[0,0],"12":[0,0],"13":[0,0]}}
}
