TN:
SF:src/routeTree.gen.ts
FN:17,(anonymous_0)
FNF:1
FNH:0
FNDA:0,(anonymous_0)
DA:14,0
DA:17,0
DA:54,0
DA:57,0
LF:4
LH:0
BRF:0
BRH:0
end_of_record
TN:
SF:src/components/FileOperationsExample.tsx
FN:6,FileOperationsExample
FN:14,(anonymous_1)
FN:30,(anonymous_2)
FN:48,(anonymous_3)
FN:78,(anonymous_4)
FN:103,(anonymous_5)
FN:146,(anonymous_6)
FN:163,(anonymous_7)
FN:178,(anonymous_8)
FN:184,(anonymous_9)
FN:205,(anonymous_10)
FN:242,(anonymous_11)
FNF:12
FNH:0
FNDA:0,FileOperationsExample
FNDA:0,(anonymous_1)
FNDA:0,(anonymous_2)
FNDA:0,(anonymous_3)
FNDA:0,(anonymous_4)
FNDA:0,(anonymous_5)
FNDA:0,(anonymous_6)
FNDA:0,(anonymous_7)
FNDA:0,(anonymous_8)
FNDA:0,(anonymous_9)
FNDA:0,(anonymous_10)
FNDA:0,(anonymous_11)
DA:7,0
DA:8,0
DA:9,0
DA:10,0
DA:11,0
DA:12,0
DA:14,0
DA:15,0
DA:17,0
DA:18,0
DA:20,0
DA:21,0
DA:22,0
DA:24,0
DA:26,0
DA:30,0
DA:31,0
DA:33,0
DA:34,0
DA:36,0
DA:37,0
DA:39,0
DA:40,0
DA:42,0
DA:44,0
DA:48,0
DA:49,0
DA:51,0
DA:52,0
DA:54,0
DA:55,0
DA:56,0
DA:58,0
DA:63,0
DA:64,0
DA:65,0
DA:68,0
DA:69,0
DA:72,0
DA:74,0
DA:78,0
DA:79,0
DA:81,0
DA:82,0
DA:84,0
DA:85,0
DA:88,0
DA:89,0
DA:93,0
DA:94,0
DA:97,0
DA:99,0
DA:103,0
DA:104,0
DA:106,0
DA:107,0
DA:109,0
DA:110,0
DA:111,0
DA:113,0
DA:115,0
DA:119,0
DA:146,0
DA:164,0
DA:178,0
DA:184,0
DA:205,0
DA:242,0
LF:68
LH:0
BRDA:15,0,0,0
BRDA:15,0,1,0
BRDA:24,1,0,0
BRDA:24,1,1,0
BRDA:31,2,0,0
BRDA:31,2,1,0
BRDA:42,3,0,0
BRDA:42,3,1,0
BRDA:49,4,0,0
BRDA:49,4,1,0
BRDA:49,5,0,0
BRDA:49,5,1,0
BRDA:68,6,0,0
BRDA:68,6,1,0
BRDA:72,7,0,0
BRDA:72,7,1,0
BRDA:79,8,0,0
BRDA:79,8,1,0
BRDA:88,9,0,0
BRDA:88,9,1,0
BRDA:93,10,0,0
BRDA:93,10,1,0
BRDA:97,11,0,0
BRDA:97,11,1,0
BRDA:104,12,0,0
BRDA:104,12,1,0
BRDA:113,13,0,0
BRDA:113,13,1,0
BRDA:123,14,0,0
BRDA:123,14,1,0
BRDA:129,15,0,0
BRDA:129,15,1,0
BRDA:152,16,0,0
BRDA:152,16,1,0
BRDA:192,17,0,0
BRDA:192,17,1,0
BRDA:192,17,2,0
BRDA:211,18,0,0
BRDA:211,18,1,0
BRDA:211,18,2,0
BRDA:224,19,0,0
BRDA:224,19,1,0
BRDA:250,20,0,0
BRDA:250,20,1,0
BRDA:253,21,0,0
BRDA:253,21,1,0
BRF:46
BRH:0
end_of_record
TN:
SF:src/components/layout/app-shell.tsx
FN:12,AppShell
FN:29,(anonymous_1)
FN:30,(anonymous_2)
FN:39,(anonymous_3)
FN:46,(anonymous_4)
FN:57,(anonymous_5)
FN:64,(anonymous_6)
FN:65,(anonymous_7)
FN:74,(anonymous_8)
FN:81,(anonymous_9)
FN:92,(anonymous_10)
FN:99,(anonymous_11)
FN:100,(anonymous_12)
FN:109,(anonymous_13)
FN:116,(anonymous_14)
FN:127,(anonymous_15)
FN:164,(anonymous_16)
FN:167,(anonymous_17)
FNF:18
FNH:0
FNDA:0,AppShell
FNDA:0,(anonymous_1)
FNDA:0,(anonymous_2)
FNDA:0,(anonymous_3)
FNDA:0,(anonymous_4)
FNDA:0,(anonymous_5)
FNDA:0,(anonymous_6)
FNDA:0,(anonymous_7)
FNDA:0,(anonymous_8)
FNDA:0,(anonymous_9)
FNDA:0,(anonymous_10)
FNDA:0,(anonymous_11)
FNDA:0,(anonymous_12)
FNDA:0,(anonymous_13)
FNDA:0,(anonymous_14)
FNDA:0,(anonymous_15)
FNDA:0,(anonymous_16)
FNDA:0,(anonymous_17)
DA:13,0
DA:22,0
DA:24,0
DA:25,0
DA:26,0
DA:29,0
DA:30,0
DA:31,0
DA:32,0
DA:33,0
DA:34,0
DA:35,0
DA:39,0
DA:40,0
DA:41,0
DA:42,0
DA:43,0
DA:46,0
DA:47,0
DA:48,0
DA:49,0
DA:50,0
DA:51,0
DA:54,0
DA:55,0
DA:56,0
DA:57,0
DA:58,0
DA:64,0
DA:65,0
DA:66,0
DA:67,0
DA:68,0
DA:69,0
DA:70,0
DA:74,0
DA:75,0
DA:76,0
DA:77,0
DA:78,0
DA:81,0
DA:82,0
DA:83,0
DA:84,0
DA:85,0
DA:86,0
DA:89,0
DA:90,0
DA:91,0
DA:92,0
DA:93,0
DA:99,0
DA:100,0
DA:101,0
DA:102,0
DA:103,0
DA:104,0
DA:105,0
DA:109,0
DA:110,0
DA:111,0
DA:112,0
DA:113,0
DA:116,0
DA:117,0
DA:118,0
DA:119,0
DA:120,0
DA:121,0
DA:124,0
DA:125,0
DA:126,0
DA:127,0
DA:128,0
DA:133,0
DA:165,0
DA:168,0
LF:77
LH:0
BRDA:33,0,0,0
BRDA:33,0,1,0
BRDA:55,1,0,0
BRDA:55,1,1,0
BRDA:68,2,0,0
BRDA:68,2,1,0
BRDA:90,3,0,0
BRDA:90,3,1,0
BRDA:103,4,0,0
BRDA:103,4,1,0
BRDA:125,5,0,0
BRDA:125,5,1,0
BRDA:138,6,0,0
BRDA:138,6,1,0
BRDA:157,7,0,0
BRDA:157,7,1,0
BRDA:174,8,0,0
BRDA:174,8,1,0
BRDA:189,9,0,0
BRDA:189,9,1,0
BRF:20
BRH:0
end_of_record
TN:
SF:src/components/layout/status-bar.tsx
FN:3,StatusBar
FNF:1
FNH:0
FNDA:0,StatusBar
DA:6,0
LF:1
LH:0
BRF:0
BRH:0
end_of_record
TN:
SF:src/features/editor/index.ts
FN:2,(anonymous_0)
FN:3,(anonymous_1)
FN:4,(anonymous_2)
FN:4,(anonymous_3)
FN:4,(anonymous_4)
FN:5,(anonymous_5)
FN:6,(anonymous_6)
FN:8,(anonymous_7)
FN:9,(anonymous_8)
FN:10,(anonymous_9)
FN:11,(anonymous_10)
FN:12,(anonymous_11)
FN:13,(anonymous_12)
FNF:13
FNH:1
FNDA:0,(anonymous_0)
FNDA:0,(anonymous_1)
FNDA:0,(anonymous_2)
FNDA:0,(anonymous_3)
FNDA:0,(anonymous_4)
FNDA:0,(anonymous_5)
FNDA:23,(anonymous_6)
FNDA:0,(anonymous_7)
FNDA:0,(anonymous_8)
FNDA:0,(anonymous_9)
FNDA:0,(anonymous_10)
FNDA:0,(anonymous_11)
FNDA:0,(anonymous_12)
DA:2,1
DA:3,1
DA:4,1
DA:5,1
DA:6,24
DA:7,1
DA:8,1
DA:9,1
DA:10,1
DA:11,1
DA:12,1
DA:13,1
LF:12
LH:12
BRF:0
BRH:0
end_of_record
TN:
SF:src/features/editor/components/index.ts
FN:1,(anonymous_0)
FNF:1
FNH:0
FNDA:0,(anonymous_0)
DA:1,1
LF:1
LH:1
BRF:0
BRH:0
end_of_record
TN:
SF:src/features/editor/components/minimal-editor.tsx
FN:19,MinimalEditor
FN:29,(anonymous_1)
FN:35,(anonymous_2)
FNF:3
FNH:0
FNDA:0,MinimalEditor
FNDA:0,(anonymous_1)
FNDA:0,(anonymous_2)
DA:1,1
DA:3,1
DA:5,1
DA:6,1
DA:7,1
DA:19,1
DA:24,0
DA:26,0
DA:30,0
DA:31,0
DA:35,0
DA:36,0
DA:37,0
DA:38,0
DA:43,0
DA:48,0
DA:49,0
DA:52,0
LF:18
LH:6
BRDA:21,0,0,0
BRDA:22,1,0,0
BRDA:36,2,0,0
BRDA:36,2,1,0
BRDA:36,3,0,0
BRDA:36,3,1,0
BRDA:48,4,0,0
BRDA:48,4,1,0
BRDA:55,5,0,0
BRDA:55,5,1,0
BRDA:60,6,0,0
BRDA:60,6,1,0
BRF:12
BRH:0
end_of_record
TN:
SF:src/features/editor/config/extensions.ts
FN:37,createEditorExtensions
FN:132,(anonymous_1)
FNF:2
FNH:1
FNDA:32,createEditorExtensions
FNDA:0,(anonymous_1)
DA:1,1
DA:2,1
DA:3,1
DA:4,1
DA:5,1
DA:6,1
DA:7,1
DA:8,1
DA:9,1
DA:10,1
DA:11,1
DA:12,1
DA:13,1
DA:14,1
DA:15,1
DA:16,1
DA:17,1
DA:18,1
DA:19,1
DA:20,1
DA:21,1
DA:22,1
DA:23,1
DA:25,1
DA:27,1
DA:37,1
DA:40,32
DA:133,0
DA:134,0
DA:136,0
LF:30
LH:27
BRDA:37,0,0,0
BRDA:38,1,0,0
BRDA:133,2,0,0
BRDA:133,2,1,0
BRDA:133,3,0,0
BRDA:133,3,1,0
BRF:6
BRH:0
end_of_record
TN:
SF:src/features/editor/extensions/force-first-h1.ts
FN:12,(anonymous_0)
FN:16,(anonymous_1)
FN:18,(anonymous_2)
FNF:3
FNH:1
FNDA:3,(anonymous_0)
FNDA:0,(anonymous_1)
FNDA:0,(anonymous_2)
DA:1,1
DA:2,1
DA:9,1
DA:13,3
DA:18,0
DA:19,0
DA:22,0
DA:23,0
DA:27,0
DA:31,0
DA:32,0
DA:34,0
DA:36,0
DA:41,0
DA:47,0
DA:48,0
DA:50,0
DA:53,0
DA:56,0
LF:19
LH:4
BRDA:18,0,0,0
BRDA:18,0,1,0
BRDA:27,1,0,0
BRDA:27,1,1,0
BRDA:27,1,2,0
BRDA:27,1,3,0
BRDA:31,2,0,0
BRDA:31,2,1,0
BRDA:31,3,0,0
BRDA:31,3,1,0
BRDA:31,3,2,0
BRDA:34,4,0,0
BRDA:34,4,1,0
BRDA:41,5,0,0
BRDA:41,5,1,0
BRDA:42,6,0,0
BRDA:42,6,1,0
BRDA:42,6,2,0
BRDA:48,7,0,0
BRDA:48,7,1,0
BRDA:48,8,0,0
BRDA:48,8,1,0
BRF:22
BRH:0
end_of_record
TN:
SF:src/features/editor/extensions/index.ts
FN:1,(anonymous_0)
FN:2,(anonymous_1)
FN:3,(anonymous_2)
FNF:3
FNH:3
FNDA:32,(anonymous_0)
FNDA:32,(anonymous_1)
FNDA:32,(anonymous_2)
DA:1,33
DA:2,33
DA:3,33
LF:3
LH:3
BRF:0
BRH:0
end_of_record
TN:
SF:src/features/editor/extensions/markdown-syntax.ts
FN:13,(anonymous_0)
FN:18,(anonymous_1)
FN:21,(anonymous_2)
FN:27,(anonymous_3)
FN:68,(anonymous_4)
FNF:5
FNH:0
FNDA:0,(anonymous_0)
FNDA:0,(anonymous_1)
FNDA:0,(anonymous_2)
FNDA:0,(anonymous_3)
FNDA:0,(anonymous_4)
DA:1,1
DA:2,1
DA:3,1
DA:10,1
DA:14,0
DA:19,0
DA:22,0
DA:23,0
DA:25,0
DA:27,0
DA:28,0
DA:29,0
DA:30,0
DA:33,0
DA:41,0
DA:43,0
DA:51,0
DA:53,0
DA:61,0
DA:64,0
DA:69,0
LF:21
LH:4
BRDA:22,0,0,0
BRDA:22,0,1,0
BRDA:23,1,0,0
BRDA:23,1,1,0
BRDA:28,2,0,0
BRDA:28,2,1,0
BRDA:41,3,0,0
BRDA:41,3,1,0
BRDA:46,4,0,0
BRDA:46,4,1,0
BRDA:51,5,0,0
BRDA:51,5,1,0
BRF:12
BRH:0
end_of_record
TN:
SF:src/features/editor/extensions/smart-select-all.ts
FN:14,(anonymous_0)
FN:16,(anonymous_1)
FNF:2
FNH:1
FNDA:3,(anonymous_0)
FNDA:0,(anonymous_1)
DA:1,1
DA:2,1
DA:11,1
DA:15,3
DA:17,0
DA:18,0
DA:19,0
DA:22,0
DA:23,0
DA:24,0
DA:27,0
DA:29,0
DA:30,0
DA:33,0
DA:34,0
DA:35,0
DA:36,0
DA:41,0
DA:42,0
DA:43,0
LF:20
LH:4
BRDA:23,0,0,0
BRDA:23,0,1,0
BRDA:24,1,0,0
BRDA:24,1,1,0
BRDA:27,2,0,0
BRDA:27,2,1,0
BRDA:27,3,0,0
BRDA:27,3,1,0
BRDA:27,3,2,0
BRDA:33,4,0,0
BRDA:33,4,1,0
BRF:11
BRH:0
end_of_record
TN:
SF:src/features/editor/hooks/index.ts
FN:1,(anonymous_0)
FNF:1
FNH:1
FNDA:32,(anonymous_0)
DA:1,33
LF:1
LH:1
BRF:0
BRH:0
end_of_record
TN:
SF:src/features/editor/hooks/use-editor-shortcuts.ts
FN:14,useEditorShortcuts
FN:15,(anonymous_1)
FN:21,(anonymous_2)
FN:24,(anonymous_3)
FN:33,(anonymous_4)
FNF:5
FNH:3
FNDA:32,useEditorShortcuts
FNDA:0,(anonymous_1)
FNDA:23,(anonymous_2)
FNDA:0,(anonymous_3)
FNDA:23,(anonymous_4)
DA:3,1
DA:14,1
DA:15,32
DA:16,0
DA:17,0
DA:21,32
DA:22,23
DA:24,23
DA:26,0
DA:27,0
DA:28,0
DA:32,23
DA:33,23
DA:34,23
DA:38,32
LF:15
LH:10
BRDA:16,0,0,0
BRDA:16,0,1,0
BRDA:22,1,0,0
BRDA:22,1,1,23
BRDA:26,2,0,0
BRDA:26,2,1,0
BRDA:26,3,0,0
BRDA:26,3,1,0
BRDA:26,3,2,0
BRF:9
BRH:1
end_of_record
TN:
SF:src/features/editor/screens/index.tsx
FN:19,OnixEditor
FN:35,(anonymous_1)
FN:43,(anonymous_2)
FN:55,(anonymous_3)
FN:76,(anonymous_4)
FN:92,(anonymous_5)
FN:108,(anonymous_6)
FNF:7
FNH:3
FNDA:32,OnixEditor
FNDA:0,(anonymous_1)
FNDA:0,(anonymous_2)
FNDA:15,(anonymous_3)
FNDA:0,(anonymous_4)
FNDA:0,(anonymous_5)
FNDA:23,(anonymous_6)
DA:1,1
DA:3,1
DA:5,1
DA:6,1
DA:7,1
DA:19,1
DA:28,32
DA:29,32
DA:30,32
DA:32,32
DA:37,0
DA:38,0
DA:39,0
DA:40,0
DA:43,0
DA:44,0
DA:45,0
DA:51,0
DA:56,15
DA:57,15
DA:58,15
DA:61,15
DA:62,15
DA:63,15
DA:64,15
DA:66,15
DA:78,0
DA:79,0
DA:82,0
DA:84,0
DA:87,0
DA:92,32
DA:93,0
DA:94,0
DA:95,0
DA:96,0
DA:97,0
DA:102,32
DA:108,32
DA:109,23
DA:110,23
DA:112,23
DA:113,23
DA:114,23
DA:115,23
DA:119,32
DA:120,0
DA:125,32
LF:48
LH:29
BRDA:20,0,0,31
BRDA:21,1,0,31
BRDA:24,2,0,32
BRDA:25,3,0,32
BRDA:26,4,0,32
BRDA:34,5,0,32
BRDA:34,5,1,31
BRDA:37,6,0,0
BRDA:37,6,1,0
BRDA:38,7,0,0
BRDA:38,7,1,0
BRDA:45,8,0,0
BRDA:45,8,1,0
BRDA:46,9,0,0
BRDA:46,9,1,0
BRDA:46,9,2,0
BRDA:46,9,3,0
BRDA:61,10,0,15
BRDA:61,10,1,0
BRDA:62,11,0,15
BRDA:62,11,1,0
BRDA:79,12,0,0
BRDA:79,12,1,0
BRDA:82,13,0,0
BRDA:82,13,1,0
BRDA:82,14,0,0
BRDA:82,14,1,0
BRDA:82,14,2,0
BRDA:82,14,3,0
BRDA:93,15,0,0
BRDA:93,15,1,0
BRDA:93,16,0,0
BRDA:93,16,1,0
BRDA:109,17,0,23
BRDA:109,17,1,0
BRDA:109,18,0,23
BRDA:109,18,1,23
BRDA:110,19,0,23
BRDA:110,19,1,22
BRDA:112,20,0,23
BRDA:112,20,1,0
BRDA:113,21,0,23
BRDA:113,21,1,0
BRDA:119,22,0,0
BRDA:119,22,1,32
BRDA:130,23,0,32
BRDA:130,23,1,0
BRDA:131,24,0,32
BRDA:131,24,1,0
BRDA:134,25,0,32
BRDA:134,25,1,9
BRDA:135,26,0,32
BRDA:135,26,1,2
BRDA:140,27,0,0
BRDA:140,27,1,2
BRDA:143,28,0,0
BRDA:143,28,1,2
BRF:57
BRH:25
end_of_record
TN:
SF:src/features/editor/utils/index.ts
FN:2,(anonymous_0)
FN:3,(anonymous_1)
FN:4,(anonymous_2)
FN:5,(anonymous_3)
FN:6,(anonymous_4)
FN:8,(anonymous_5)
FNF:6
FNH:1
FNDA:15,(anonymous_0)
FNDA:0,(anonymous_1)
FNDA:0,(anonymous_2)
FNDA:0,(anonymous_3)
FNDA:0,(anonymous_4)
FNDA:0,(anonymous_5)
DA:1,1
DA:2,16
DA:3,1
DA:4,1
DA:5,1
DA:6,1
DA:8,1
LF:7
LH:7
BRF:0
BRH:0
end_of_record
TN:
SF:src/features/editor/utils/markdown-shortcuts.ts
FN:7,handleMarkdownShortcuts
FNF:1
FNH:0
FNDA:0,handleMarkdownShortcuts
DA:7,1
DA:8,0
DA:10,0
DA:11,0
DA:12,0
DA:15,0
DA:16,0
DA:19,0
DA:20,0
DA:21,0
DA:22,0
DA:25,0
DA:26,0
DA:29,0
DA:30,0
DA:31,0
DA:32,0
DA:33,0
DA:37,0
DA:38,0
DA:39,0
DA:40,0
DA:41,0
DA:42,0
DA:44,0
DA:45,0
DA:49,0
DA:50,0
DA:51,0
DA:52,0
DA:53,0
DA:54,0
DA:59,0
DA:60,0
DA:64,0
DA:65,0
DA:66,0
DA:67,0
DA:68,0
DA:69,0
DA:70,0
DA:75,0
DA:76,0
DA:80,0
DA:81,0
DA:82,0
DA:83,0
DA:84,0
DA:85,0
DA:89,0
DA:90,0
DA:91,0
DA:92,0
DA:93,0
DA:94,0
DA:97,0
LF:56
LH:1
BRDA:8,0,0,0
BRDA:8,0,1,0
BRDA:20,1,0,0
BRDA:20,1,1,0
BRDA:25,2,0,0
BRDA:25,2,1,0
BRDA:25,3,0,0
BRDA:25,3,1,0
BRDA:37,4,0,0
BRDA:37,4,1,0
BRDA:41,5,0,0
BRDA:41,5,1,0
BRDA:49,6,0,0
BRDA:49,6,1,0
BRDA:49,7,0,0
BRDA:49,7,1,0
BRDA:49,7,2,0
BRDA:53,8,0,0
BRDA:53,8,1,0
BRDA:64,9,0,0
BRDA:64,9,1,0
BRDA:64,10,0,0
BRDA:64,10,1,0
BRDA:69,11,0,0
BRDA:69,11,1,0
BRDA:80,12,0,0
BRDA:80,12,1,0
BRDA:80,13,0,0
BRDA:80,13,1,0
BRDA:89,14,0,0
BRDA:89,14,1,0
BRF:31
BRH:0
end_of_record
TN:
SF:src/features/editor/utils/markdown.ts
FN:10,htmlToMarkdown
FN:14,(anonymous_1)
FN:29,sanitizeContent
FN:42,extractPlainText
FN:53,countWords
FN:57,(anonymous_5)
FN:63,truncateText
FNF:7
FNH:2
FNDA:15,htmlToMarkdown
FNDA:11,(anonymous_1)
FNDA:0,sanitizeContent
FNDA:0,extractPlainText
FNDA:0,countWords
FNDA:0,(anonymous_5)
FNDA:0,truncateText
DA:10,1
DA:11,15
DA:14,11
DA:29,1
DA:30,0
DA:42,1
DA:43,0
DA:53,1
DA:54,0
DA:57,0
DA:63,1
DA:64,0
DA:65,0
DA:67,0
LF:14
LH:7
BRDA:64,0,0,0
BRDA:64,0,1,0
BRF:2
BRH:0
end_of_record
TN:
SF:src/routes/__root.tsx
FN:8,RootComponent
FN:9,(anonymous_1)
FN:26,(anonymous_2)
FNF:3
FNH:0
FNDA:0,RootComponent
FNDA:0,(anonymous_1)
FNDA:0,(anonymous_2)
DA:9,0
DA:11,0
DA:14,0
DA:24,0
DA:27,0
LF:5
LH:0
BRF:0
BRH:0
end_of_record
TN:
SF:src/routes/index.tsx
FN:7,Home
FNF:1
FNH:0
FNDA:0,Home
DA:3,0
DA:10,0
LF:2
LH:0
BRF:0
BRH:0
end_of_record
TN:
SF:src/stores/layout-store.ts
FN:198,(anonymous_0)
FN:202,(anonymous_1)
FN:203,(anonymous_2)
FN:207,(anonymous_3)
FN:208,(anonymous_4)
FN:215,(anonymous_5)
FN:216,(anonymous_6)
FN:220,(anonymous_7)
FN:221,(anonymous_8)
FN:224,(anonymous_9)
FN:230,(anonymous_10)
FN:231,(anonymous_11)
FN:234,(anonymous_12)
FN:243,(anonymous_13)
FN:244,(anonymous_14)
FN:248,(anonymous_15)
FN:249,(anonymous_16)
FN:256,(anonymous_17)
FN:257,(anonymous_18)
FN:261,(anonymous_19)
FN:262,(anonymous_20)
FN:265,(anonymous_21)
FN:271,(anonymous_22)
FN:272,(anonymous_23)
FN:275,(anonymous_24)
FN:284,(anonymous_25)
FN:285,(anonymous_26)
FN:289,(anonymous_27)
FN:290,(anonymous_28)
FN:297,(anonymous_29)
FN:298,(anonymous_30)
FN:302,(anonymous_31)
FN:303,(anonymous_32)
FN:306,(anonymous_33)
FN:312,(anonymous_34)
FN:313,(anonymous_35)
FN:316,(anonymous_36)
FN:325,(anonymous_37)
FN:326,(anonymous_38)
FN:331,(anonymous_39)
FN:332,(anonymous_40)
FN:336,(anonymous_41)
FN:342,(anonymous_42)
FN:344,(anonymous_43)
FN:365,(anonymous_44)
FN:367,(anonymous_45)
FN:380,(anonymous_46)
FN:384,(anonymous_47)
FN:411,(anonymous_48)
FN:417,(anonymous_49)
FN:419,(anonymous_50)
FN:422,(anonymous_51)
FN:436,(anonymous_52)
FN:439,(anonymous_53)
FN:454,(anonymous_54)
FN:456,(anonymous_55)
FN:456,(anonymous_56)
FN:458,(anonymous_57)
FN:459,(anonymous_58)
FN:466,(anonymous_59)
FN:480,(anonymous_60)
FN:500,(anonymous_61)
FN:510,(anonymous_62)
FNF:63
FNH:0
FNDA:0,(anonymous_0)
FNDA:0,(anonymous_1)
FNDA:0,(anonymous_2)
FNDA:0,(anonymous_3)
FNDA:0,(anonymous_4)
FNDA:0,(anonymous_5)
FNDA:0,(anonymous_6)
FNDA:0,(anonymous_7)
FNDA:0,(anonymous_8)
FNDA:0,(anonymous_9)
FNDA:0,(anonymous_10)
FNDA:0,(anonymous_11)
FNDA:0,(anonymous_12)
FNDA:0,(anonymous_13)
FNDA:0,(anonymous_14)
FNDA:0,(anonymous_15)
FNDA:0,(anonymous_16)
FNDA:0,(anonymous_17)
FNDA:0,(anonymous_18)
FNDA:0,(anonymous_19)
FNDA:0,(anonymous_20)
FNDA:0,(anonymous_21)
FNDA:0,(anonymous_22)
FNDA:0,(anonymous_23)
FNDA:0,(anonymous_24)
FNDA:0,(anonymous_25)
FNDA:0,(anonymous_26)
FNDA:0,(anonymous_27)
FNDA:0,(anonymous_28)
FNDA:0,(anonymous_29)
FNDA:0,(anonymous_30)
FNDA:0,(anonymous_31)
FNDA:0,(anonymous_32)
FNDA:0,(anonymous_33)
FNDA:0,(anonymous_34)
FNDA:0,(anonymous_35)
FNDA:0,(anonymous_36)
FNDA:0,(anonymous_37)
FNDA:0,(anonymous_38)
FNDA:0,(anonymous_39)
FNDA:0,(anonymous_40)
FNDA:0,(anonymous_41)
FNDA:0,(anonymous_42)
FNDA:0,(anonymous_43)
FNDA:0,(anonymous_44)
FNDA:0,(anonymous_45)
FNDA:0,(anonymous_46)
FNDA:0,(anonymous_47)
FNDA:0,(anonymous_48)
FNDA:0,(anonymous_49)
FNDA:0,(anonymous_50)
FNDA:0,(anonymous_51)
FNDA:0,(anonymous_52)
FNDA:0,(anonymous_53)
FNDA:0,(anonymous_54)
FNDA:0,(anonymous_55)
FNDA:0,(anonymous_56)
FNDA:0,(anonymous_57)
FNDA:0,(anonymous_58)
FNDA:0,(anonymous_59)
FNDA:0,(anonymous_60)
FNDA:0,(anonymous_61)
FNDA:0,(anonymous_62)
DA:120,0
DA:121,0
DA:122,0
DA:123,0
DA:124,0
DA:125,0
DA:127,0
DA:194,0
DA:196,0
DA:198,0
DA:203,0
DA:208,0
DA:216,0
DA:221,0
DA:224,0
DA:231,0
DA:234,0
DA:244,0
DA:249,0
DA:257,0
DA:262,0
DA:265,0
DA:272,0
DA:275,0
DA:285,0
DA:290,0
DA:298,0
DA:303,0
DA:306,0
DA:313,0
DA:316,0
DA:326,0
DA:332,0
DA:337,0
DA:338,0
DA:339,0
DA:342,0
DA:343,0
DA:344,0
DA:346,0
DA:347,0
DA:353,0
DA:359,0
DA:366,0
DA:367,0
DA:368,0
DA:369,0
DA:371,0
DA:377,0
DA:381,0
DA:382,0
DA:384,0
DA:385,0
DA:386,0
DA:402,0
DA:408,0
DA:417,0
DA:420,0
DA:422,0
DA:423,0
DA:424,0
DA:426,0
DA:427,0
DA:432,0
DA:434,0
DA:436,0
DA:439,0
DA:444,0
DA:450,0
DA:454,0
DA:456,0
DA:459,0
DA:467,0
DA:468,0
DA:469,0
DA:477,0
DA:480,0
DA:481,0
DA:482,0
DA:488,0
DA:494,0
DA:501,0
DA:502,0
DA:504,0
DA:505,0
DA:507,0
DA:511,0
DA:512,0
DA:514,0
DA:515,0
DA:516,0
DA:518,0
LF:92
LH:0
BRDA:224,0,0,0
BRDA:224,0,1,0
BRDA:236,1,0,0
BRDA:236,1,1,0
BRDA:237,2,0,0
BRDA:237,2,1,0
BRDA:265,3,0,0
BRDA:265,3,1,0
BRDA:277,4,0,0
BRDA:277,4,1,0
BRDA:278,5,0,0
BRDA:278,5,1,0
BRDA:306,6,0,0
BRDA:306,6,1,0
BRDA:318,7,0,0
BRDA:318,7,1,0
BRDA:319,8,0,0
BRDA:319,8,1,0
BRDA:343,9,0,0
BRDA:343,9,1,0
BRDA:343,10,0,0
BRDA:343,10,1,0
BRDA:346,11,0,0
BRDA:346,11,1,0
BRDA:346,12,0,0
BRDA:346,12,1,0
BRDA:368,13,0,0
BRDA:368,13,1,0
BRDA:385,14,0,0
BRDA:385,14,1,0
BRDA:385,15,0,0
BRDA:385,15,1,0
BRDA:423,16,0,0
BRDA:423,16,1,0
BRDA:424,17,0,0
BRDA:424,17,1,0
BRDA:426,18,0,0
BRDA:426,18,1,0
BRDA:429,19,0,0
BRDA:429,19,1,0
BRDA:432,20,0,0
BRDA:432,20,1,0
BRDA:438,21,0,0
BRDA:438,21,1,0
BRDA:439,22,0,0
BRDA:439,22,1,0
BRDA:461,23,0,0
BRDA:461,23,1,0
BRDA:462,24,0,0
BRDA:462,24,1,0
BRDA:481,25,0,0
BRDA:481,25,1,0
BRDA:484,26,0,0
BRDA:484,26,1,0
BRDA:504,27,0,0
BRDA:504,27,1,0
BRDA:515,28,0,0
BRDA:515,28,1,0
BRF:58
BRH:0
end_of_record
TN:
SF:src/utils/cn.ts
FN:15,cn
FN:44,cva
FN:55,(anonymous_2)
FN:86,(anonymous_3)
FNF:4
FNH:0
FNDA:0,cn
FNDA:0,cva
FNDA:0,(anonymous_2)
FNDA:0,(anonymous_3)
DA:16,0
DA:55,0
DA:56,0
DA:58,0
DA:61,0
DA:64,0
DA:65,0
DA:66,0
DA:67,0
DA:68,0
DA:74,0
DA:75,0
DA:76,0
DA:77,0
DA:83,0
DA:84,0
DA:85,0
DA:86,0
DA:87,0
DA:88,0
DA:93,0
LF:21
LH:0
BRDA:56,0,0,0
BRDA:56,0,1,0
BRDA:64,1,0,0
BRDA:64,1,1,0
BRDA:64,2,0,0
BRDA:64,2,1,0
BRDA:67,3,0,0
BRDA:67,3,1,0
BRDA:67,4,0,0
BRDA:67,4,1,0
BRDA:67,4,2,0
BRDA:74,5,0,0
BRDA:74,5,1,0
BRDA:76,6,0,0
BRDA:76,6,1,0
BRDA:76,7,0,0
BRDA:76,7,1,0
BRDA:83,8,0,0
BRDA:83,8,1,0
BRDA:83,9,0,0
BRDA:83,9,1,0
BRDA:87,10,0,0
BRDA:87,10,1,0
BRF:23
BRH:0
end_of_record
TN:
SF:src/utils/fileApi.ts
FN:14,(anonymous_0)
FN:25,(anonymous_1)
FN:36,(anonymous_2)
FN:47,(anonymous_3)
FN:58,(anonymous_4)
FN:69,(anonymous_5)
FN:80,(anonymous_6)
FN:91,(anonymous_7)
FN:128,(anonymous_8)
FN:135,(anonymous_9)
FN:144,(anonymous_10)
FN:152,(anonymous_11)
FN:162,(anonymous_12)
FN:173,(anonymous_13)
FN:184,(anonymous_14)
FNF:15
FNH:15
FNDA:2,(anonymous_0)
FNDA:2,(anonymous_1)
FNDA:2,(anonymous_2)
FNDA:2,(anonymous_3)
FNDA:2,(anonymous_4)
FNDA:2,(anonymous_5)
FNDA:1,(anonymous_6)
FNDA:5,(anonymous_7)
FNDA:3,(anonymous_8)
FNDA:2,(anonymous_9)
FNDA:8,(anonymous_10)
FNDA:3,(anonymous_11)
FNDA:3,(anonymous_12)
FNDA:5,(anonymous_13)
FNDA:3,(anonymous_14)
DA:1,1
DA:10,1
DA:15,2
DA:16,2
DA:18,1
DA:26,2
DA:27,2
DA:29,1
DA:37,2
DA:38,2
DA:40,1
DA:48,2
DA:49,2
DA:51,1
DA:59,2
DA:60,2
DA:62,1
DA:70,2
DA:71,2
DA:73,0
DA:81,1
DA:82,1
DA:84,0
DA:92,5
DA:93,0
DA:99,5
DA:100,5
DA:101,5
DA:102,5
DA:105,0
DA:106,0
DA:113,0
DA:124,1
DA:129,3
DA:136,2
DA:137,2
DA:138,2
DA:145,8
DA:146,8
DA:153,3
DA:154,2
DA:156,1
DA:163,3
DA:174,5
DA:175,5
DA:177,4
DA:178,4
DA:185,3
DA:187,1
DA:188,1
LF:50
LH:44
BRDA:92,0,0,0
BRDA:92,0,1,5
BRDA:99,1,0,5
BRDA:99,1,1,0
BRDA:99,2,0,5
BRDA:99,2,1,5
BRDA:101,3,0,5
BRDA:101,3,1,0
BRDA:101,4,0,5
BRDA:101,4,1,5
BRDA:105,5,0,0
BRDA:105,5,1,0
BRDA:129,6,0,3
BRDA:129,6,1,1
BRDA:146,7,0,8
BRDA:146,7,1,5
BRDA:153,8,0,2
BRDA:153,8,1,1
BRDA:175,9,0,1
BRDA:175,9,1,4
BRDA:185,10,0,2
BRDA:185,10,1,1
BRF:22
BRH:17
end_of_record
TN:
SF:src/utils/keyboard-shortcuts.ts
FN:16,useKeyboardShortcuts
FN:26,(anonymous_1)
FN:49,(anonymous_2)
FN:55,(anonymous_3)
FN:66,(anonymous_4)
FN:90,(anonymous_5)
FN:100,(anonymous_6)
FNF:7
FNH:0
FNDA:0,useKeyboardShortcuts
FNDA:0,(anonymous_1)
FNDA:0,(anonymous_2)
FNDA:0,(anonymous_3)
FNDA:0,(anonymous_4)
FNDA:0,(anonymous_5)
FNDA:0,(anonymous_6)
DA:14,0
DA:24,0
DA:26,0
DA:27,0
DA:49,0
DA:57,0
DA:58,0
DA:59,0
DA:66,0
DA:67,0
DA:69,0
DA:70,0
DA:72,0
DA:73,0
DA:75,0
DA:81,0
DA:82,0
DA:83,0
DA:84,0
DA:89,0
DA:90,0
DA:100,0
DA:101,0
DA:103,0
DA:104,0
DA:106,0
DA:107,0
DA:109,0
DA:110,0
DA:113,0
DA:115,0
DA:118,0
LF:32
LH:0
BRDA:14,0,0,0
BRDA:14,0,1,0
BRDA:58,1,0,0
BRDA:58,1,1,0
BRDA:58,2,0,0
BRDA:58,2,1,0
BRDA:70,3,0,0
BRDA:70,3,1,0
BRDA:70,4,0,0
BRDA:70,4,1,0
BRDA:72,5,0,0
BRDA:72,5,1,0
BRDA:73,6,0,0
BRDA:73,6,1,0
BRDA:75,7,0,0
BRDA:75,7,1,0
BRDA:76,8,0,0
BRDA:76,8,1,0
BRDA:76,8,2,0
BRDA:76,8,3,0
BRDA:103,9,0,0
BRDA:103,9,1,0
BRDA:104,10,0,0
BRDA:104,10,1,0
BRDA:106,11,0,0
BRDA:106,11,1,0
BRDA:109,12,0,0
BRDA:109,12,1,0
BRDA:110,13,0,0
BRDA:110,13,1,0
BRF:30
BRH:0
end_of_record
